The system is: Linux - 3.13.0-53-generic - x86_64
Compiling the C compiler identification source file "CMakeCCompilerId.c" succeeded.
Compiler: /usr/bin/cc 
Build flags: 
Id flags: 

The output was:
0


Compilation of the C compiler identification source "CMakeCCompilerId.c" produced "a.out"

The C compiler identification is GNU, found in "/home/maria/Downloads/taglib-1.9.1/build/CMakeFiles/3.2.3/CompilerIdC/a.out"

Compiling the CXX compiler identification source file "CMakeCXXCompilerId.cpp" succeeded.
Compiler: /usr/bin/c++ 
Build flags: 
Id flags: 

The output was:
0


Compilation of the CXX compiler identification source "CMakeCXXCompilerId.cpp" produced "a.out"

The CXX compiler identification is GNU, found in "/home/maria/Downloads/taglib-1.9.1/build/CMakeFiles/3.2.3/CompilerIdCXX/a.out"

Determining if the C compiler works passed with the following output:
Change Dir: /home/maria/Downloads/taglib-1.9.1/build/CMakeFiles/CMakeTmp

Run Build Command:"/usr/bin/make" "cmTryCompileExec959283994/fast"
/usr/bin/make -f CMakeFiles/cmTryCompileExec959283994.dir/build.make CMakeFiles/cmTryCompileExec959283994.dir/build
make[1]: Entering directory `/home/maria/Downloads/taglib-1.9.1/build/CMakeFiles/CMakeTmp'
/usr/local/bin/cmake -E cmake_progress_report /home/maria/Downloads/taglib-1.9.1/build/CMakeFiles/CMakeTmp/CMakeFiles 1
Building C object CMakeFiles/cmTryCompileExec959283994.dir/testCCompiler.c.o
/usr/bin/cc    -o CMakeFiles/cmTryCompileExec959283994.dir/testCCompiler.c.o   -c /home/maria/Downloads/taglib-1.9.1/build/CMakeFiles/CMakeTmp/testCCompiler.c
Linking C executable cmTryCompileExec959283994
/usr/local/bin/cmake -E cmake_link_script CMakeFiles/cmTryCompileExec959283994.dir/link.txt --verbose=1
/usr/bin/cc       CMakeFiles/cmTryCompileExec959283994.dir/testCCompiler.c.o  -o cmTryCompileExec959283994 -rdynamic 
make[1]: Leaving directory `/home/maria/Downloads/taglib-1.9.1/build/CMakeFiles/CMakeTmp'


Detecting C compiler ABI info compiled with the following output:
Change Dir: /home/maria/Downloads/taglib-1.9.1/build/CMakeFiles/CMakeTmp

Run Build Command:"/usr/bin/make" "cmTryCompileExec839561593/fast"
/usr/bin/make -f CMakeFiles/cmTryCompileExec839561593.dir/build.make CMakeFiles/cmTryCompileExec839561593.dir/build
make[1]: Entering directory `/home/maria/Downloads/taglib-1.9.1/build/CMakeFiles/CMakeTmp'
/usr/local/bin/cmake -E cmake_progress_report /home/maria/Downloads/taglib-1.9.1/build/CMakeFiles/CMakeTmp/CMakeFiles 1
Building C object CMakeFiles/cmTryCompileExec839561593.dir/CMakeCCompilerABI.c.o
/usr/bin/cc    -o CMakeFiles/cmTryCompileExec839561593.dir/CMakeCCompilerABI.c.o   -c /usr/local/share/cmake-3.2/Modules/CMakeCCompilerABI.c
Linking C executable cmTryCompileExec839561593
/usr/local/bin/cmake -E cmake_link_script CMakeFiles/cmTryCompileExec839561593.dir/link.txt --verbose=1
/usr/bin/cc      -v CMakeFiles/cmTryCompileExec839561593.dir/CMakeCCompilerABI.c.o  -o cmTryCompileExec839561593 -rdynamic  
Using built-in specs.
COLLECT_GCC=/usr/bin/cc
COLLECT_LTO_WRAPPER=/usr/lib/gcc/x86_64-linux-gnu/4.9/lto-wrapper
Target: x86_64-linux-gnu
Configured with: ../src/configure -v --with-pkgversion='Ubuntu 4.9.2-0ubuntu1~14.04' --with-bugurl=file:///usr/share/doc/gcc-4.9/README.Bugs --enable-languages=c,c++,java,go,d,fortran,objc,obj-c++ --prefix=/usr --program-suffix=-4.9 --enable-shared --enable-linker-build-id --libexecdir=/usr/lib --without-included-gettext --enable-threads=posix --with-gxx-include-dir=/usr/include/c++/4.9 --libdir=/usr/lib --enable-nls --with-sysroot=/ --enable-clocale=gnu --enable-libstdcxx-debug --enable-libstdcxx-time=yes --enable-gnu-unique-object --disable-vtable-verify --enable-plugin --with-system-zlib --disable-browser-plugin --enable-java-awt=gtk --enable-gtk-cairo --with-java-home=/usr/lib/jvm/java-1.5.0-gcj-4.9-amd64/jre --enable-java-home --with-jvm-root-dir=/usr/lib/jvm/java-1.5.0-gcj-4.9-amd64 --with-jvm-jar-dir=/usr/lib/jvm-exports/java-1.5.0-gcj-4.9-amd64 --with-arch-directory=amd64 --with-ecj-jar=/usr/share/java/eclipse-ecj.jar --enable-objc-gc --enable-multiarch --disable-werror --with-arch-32=i686 --with-abi=m64 --with-multilib-list=m32,m64,mx32 --enable-multilib --with-tune=generic --enable-checking=release --build=x86_64-linux-gnu --host=x86_64-linux-gnu --target=x86_64-linux-gnu
Thread model: posix
gcc version 4.9.2 (Ubuntu 4.9.2-0ubuntu1~14.04) 
COMPILER_PATH=/usr/lib/gcc/x86_64-linux-gnu/4.9/:/usr/lib/gcc/x86_64-linux-gnu/4.9/:/usr/lib/gcc/x86_64-linux-gnu/:/usr/lib/gcc/x86_64-linux-gnu/4.9/:/usr/lib/gcc/x86_64-linux-gnu/
LIBRARY_PATH=/usr/lib/gcc/x86_64-linux-gnu/4.9/:/usr/lib/gcc/x86_64-linux-gnu/4.9/../../../x86_64-linux-gnu/:/usr/lib/gcc/x86_64-linux-gnu/4.9/../../../../lib/:/lib/x86_64-linux-gnu/:/lib/../lib/:/usr/lib/x86_64-linux-gnu/:/usr/lib/../lib/:/usr/lib/gcc/x86_64-linux-gnu/4.9/../../../:/lib/:/usr/lib/
COLLECT_GCC_OPTIONS='-v' '-o' 'cmTryCompileExec839561593' '-rdynamic' '-mtune=generic' '-march=x86-64'
 /usr/lib/gcc/x86_64-linux-gnu/4.9/collect2 -plugin /usr/lib/gcc/x86_64-linux-gnu/4.9/liblto_plugin.so -plugin-opt=/usr/lib/gcc/x86_64-linux-gnu/4.9/lto-wrapper -plugin-opt=-fresolution=/tmp/cctT1uPH.res -plugin-opt=-pass-through=-lgcc -plugin-opt=-pass-through=-lgcc_s -plugin-opt=-pass-through=-lc -plugin-opt=-pass-through=-lgcc -plugin-opt=-pass-through=-lgcc_s --sysroot=/ --build-id --eh-frame-hdr -m elf_x86_64 --hash-style=gnu --as-needed -export-dynamic -dynamic-linker /lib64/ld-linux-x86-64.so.2 -z relro -o cmTryCompileExec839561593 /usr/lib/gcc/x86_64-linux-gnu/4.9/../../../x86_64-linux-gnu/crt1.o /usr/lib/gcc/x86_64-linux-gnu/4.9/../../../x86_64-linux-gnu/crti.o /usr/lib/gcc/x86_64-linux-gnu/4.9/crtbegin.o -L/usr/lib/gcc/x86_64-linux-gnu/4.9 -L/usr/lib/gcc/x86_64-linux-gnu/4.9/../../../x86_64-linux-gnu -L/usr/lib/gcc/x86_64-linux-gnu/4.9/../../../../lib -L/lib/x86_64-linux-gnu -L/lib/../lib -L/usr/lib/x86_64-linux-gnu -L/usr/lib/../lib -L/usr/lib/gcc/x86_64-linux-gnu/4.9/../../.. CMakeFiles/cmTryCompileExec839561593.dir/CMakeCCompilerABI.c.o -lgcc --as-needed -lgcc_s --no-as-needed -lc -lgcc --as-needed -lgcc_s --no-as-needed /usr/lib/gcc/x86_64-linux-gnu/4.9/crtend.o /usr/lib/gcc/x86_64-linux-gnu/4.9/../../../x86_64-linux-gnu/crtn.o
make[1]: Leaving directory `/home/maria/Downloads/taglib-1.9.1/build/CMakeFiles/CMakeTmp'


Parsed C implicit link information from above output:
  link line regex: [^( *|.*[/\])(ld|([^/\]+-)?ld|collect2)[^/\]*( |$)]
  ignore line: [Change Dir: /home/maria/Downloads/taglib-1.9.1/build/CMakeFiles/CMakeTmp]
  ignore line: []
  ignore line: [Run Build Command:"/usr/bin/make" "cmTryCompileExec839561593/fast"]
  ignore line: [/usr/bin/make -f CMakeFiles/cmTryCompileExec839561593.dir/build.make CMakeFiles/cmTryCompileExec839561593.dir/build]
  ignore line: [make[1]: Entering directory `/home/maria/Downloads/taglib-1.9.1/build/CMakeFiles/CMakeTmp']
  ignore line: [/usr/local/bin/cmake -E cmake_progress_report /home/maria/Downloads/taglib-1.9.1/build/CMakeFiles/CMakeTmp/CMakeFiles 1]
  ignore line: [Building C object CMakeFiles/cmTryCompileExec839561593.dir/CMakeCCompilerABI.c.o]
  ignore line: [/usr/bin/cc    -o CMakeFiles/cmTryCompileExec839561593.dir/CMakeCCompilerABI.c.o   -c /usr/local/share/cmake-3.2/Modules/CMakeCCompilerABI.c]
  ignore line: [Linking C executable cmTryCompileExec839561593]
  ignore line: [/usr/local/bin/cmake -E cmake_link_script CMakeFiles/cmTryCompileExec839561593.dir/link.txt --verbose=1]
  ignore line: [/usr/bin/cc      -v CMakeFiles/cmTryCompileExec839561593.dir/CMakeCCompilerABI.c.o  -o cmTryCompileExec839561593 -rdynamic  ]
  ignore line: [Using built-in specs.]
  ignore line: [COLLECT_GCC=/usr/bin/cc]
  ignore line: [COLLECT_LTO_WRAPPER=/usr/lib/gcc/x86_64-linux-gnu/4.9/lto-wrapper]
  ignore line: [Target: x86_64-linux-gnu]
  ignore line: [Configured with: ../src/configure -v --with-pkgversion='Ubuntu 4.9.2-0ubuntu1~14.04' --with-bugurl=file:///usr/share/doc/gcc-4.9/README.Bugs --enable-languages=c,c++,java,go,d,fortran,objc,obj-c++ --prefix=/usr --program-suffix=-4.9 --enable-shared --enable-linker-build-id --libexecdir=/usr/lib --without-included-gettext --enable-threads=posix --with-gxx-include-dir=/usr/include/c++/4.9 --libdir=/usr/lib --enable-nls --with-sysroot=/ --enable-clocale=gnu --enable-libstdcxx-debug --enable-libstdcxx-time=yes --enable-gnu-unique-object --disable-vtable-verify --enable-plugin --with-system-zlib --disable-browser-plugin --enable-java-awt=gtk --enable-gtk-cairo --with-java-home=/usr/lib/jvm/java-1.5.0-gcj-4.9-amd64/jre --enable-java-home --with-jvm-root-dir=/usr/lib/jvm/java-1.5.0-gcj-4.9-amd64 --with-jvm-jar-dir=/usr/lib/jvm-exports/java-1.5.0-gcj-4.9-amd64 --with-arch-directory=amd64 --with-ecj-jar=/usr/share/java/eclipse-ecj.jar --enable-objc-gc --enable-multiarch --disable-werror --with-arch-32=i686 --with-abi=m64 --with-multilib-list=m32,m64,mx32 --enable-multilib --with-tune=generic --enable-checking=release --build=x86_64-linux-gnu --host=x86_64-linux-gnu --target=x86_64-linux-gnu]
  ignore line: [Thread model: posix]
  ignore line: [gcc version 4.9.2 (Ubuntu 4.9.2-0ubuntu1~14.04) ]
  ignore line: [COMPILER_PATH=/usr/lib/gcc/x86_64-linux-gnu/4.9/:/usr/lib/gcc/x86_64-linux-gnu/4.9/:/usr/lib/gcc/x86_64-linux-gnu/:/usr/lib/gcc/x86_64-linux-gnu/4.9/:/usr/lib/gcc/x86_64-linux-gnu/]
  ignore line: [LIBRARY_PATH=/usr/lib/gcc/x86_64-linux-gnu/4.9/:/usr/lib/gcc/x86_64-linux-gnu/4.9/../../../x86_64-linux-gnu/:/usr/lib/gcc/x86_64-linux-gnu/4.9/../../../../lib/:/lib/x86_64-linux-gnu/:/lib/../lib/:/usr/lib/x86_64-linux-gnu/:/usr/lib/../lib/:/usr/lib/gcc/x86_64-linux-gnu/4.9/../../../:/lib/:/usr/lib/]
  ignore line: [COLLECT_GCC_OPTIONS='-v' '-o' 'cmTryCompileExec839561593' '-rdynamic' '-mtune=generic' '-march=x86-64']
  link line: [ /usr/lib/gcc/x86_64-linux-gnu/4.9/collect2 -plugin /usr/lib/gcc/x86_64-linux-gnu/4.9/liblto_plugin.so -plugin-opt=/usr/lib/gcc/x86_64-linux-gnu/4.9/lto-wrapper -plugin-opt=-fresolution=/tmp/cctT1uPH.res -plugin-opt=-pass-through=-lgcc -plugin-opt=-pass-through=-lgcc_s -plugin-opt=-pass-through=-lc -plugin-opt=-pass-through=-lgcc -plugin-opt=-pass-through=-lgcc_s --sysroot=/ --build-id --eh-frame-hdr -m elf_x86_64 --hash-style=gnu --as-needed -export-dynamic -dynamic-linker /lib64/ld-linux-x86-64.so.2 -z relro -o cmTryCompileExec839561593 /usr/lib/gcc/x86_64-linux-gnu/4.9/../../../x86_64-linux-gnu/crt1.o /usr/lib/gcc/x86_64-linux-gnu/4.9/../../../x86_64-linux-gnu/crti.o /usr/lib/gcc/x86_64-linux-gnu/4.9/crtbegin.o -L/usr/lib/gcc/x86_64-linux-gnu/4.9 -L/usr/lib/gcc/x86_64-linux-gnu/4.9/../../../x86_64-linux-gnu -L/usr/lib/gcc/x86_64-linux-gnu/4.9/../../../../lib -L/lib/x86_64-linux-gnu -L/lib/../lib -L/usr/lib/x86_64-linux-gnu -L/usr/lib/../lib -L/usr/lib/gcc/x86_64-linux-gnu/4.9/../../.. CMakeFiles/cmTryCompileExec839561593.dir/CMakeCCompilerABI.c.o -lgcc --as-needed -lgcc_s --no-as-needed -lc -lgcc --as-needed -lgcc_s --no-as-needed /usr/lib/gcc/x86_64-linux-gnu/4.9/crtend.o /usr/lib/gcc/x86_64-linux-gnu/4.9/../../../x86_64-linux-gnu/crtn.o]
    arg [/usr/lib/gcc/x86_64-linux-gnu/4.9/collect2] ==> ignore
    arg [-plugin] ==> ignore
    arg [/usr/lib/gcc/x86_64-linux-gnu/4.9/liblto_plugin.so] ==> ignore
    arg [-plugin-opt=/usr/lib/gcc/x86_64-linux-gnu/4.9/lto-wrapper] ==> ignore
    arg [-plugin-opt=-fresolution=/tmp/cctT1uPH.res] ==> ignore
    arg [-plugin-opt=-pass-through=-lgcc] ==> ignore
    arg [-plugin-opt=-pass-through=-lgcc_s] ==> ignore
    arg [-plugin-opt=-pass-through=-lc] ==> ignore
    arg [-plugin-opt=-pass-through=-lgcc] ==> ignore
    arg [-plugin-opt=-pass-through=-lgcc_s] ==> ignore
    arg [--sysroot=/] ==> ignore
    arg [--build-id] ==> ignore
    arg [--eh-frame-hdr] ==> ignore
    arg [-m] ==> ignore
    arg [elf_x86_64] ==> ignore
    arg [--hash-style=gnu] ==> ignore
    arg [--as-needed] ==> ignore
    arg [-export-dynamic] ==> ignore
    arg [-dynamic-linker] ==> ignore
    arg [/lib64/ld-linux-x86-64.so.2] ==> ignore
    arg [-zrelro] ==> ignore
    arg [-o] ==> ignore
    arg [cmTryCompileExec839561593] ==> ignore
    arg [/usr/lib/gcc/x86_64-linux-gnu/4.9/../../../x86_64-linux-gnu/crt1.o] ==> ignore
    arg [/usr/lib/gcc/x86_64-linux-gnu/4.9/../../../x86_64-linux-gnu/crti.o] ==> ignore
    arg [/usr/lib/gcc/x86_64-linux-gnu/4.9/crtbegin.o] ==> ignore
    arg [-L/usr/lib/gcc/x86_64-linux-gnu/4.9] ==> dir [/usr/lib/gcc/x86_64-linux-gnu/4.9]
    arg [-L/usr/lib/gcc/x86_64-linux-gnu/4.9/../../../x86_64-linux-gnu] ==> dir [/usr/lib/gcc/x86_64-linux-gnu/4.9/../../../x86_64-linux-gnu]
    arg [-L/usr/lib/gcc/x86_64-linux-gnu/4.9/../../../../lib] ==> dir [/usr/lib/gcc/x86_64-linux-gnu/4.9/../../../../lib]
    arg [-L/lib/x86_64-linux-gnu] ==> dir [/lib/x86_64-linux-gnu]
    arg [-L/lib/../lib] ==> dir [/lib/../lib]
    arg [-L/usr/lib/x86_64-linux-gnu] ==> dir [/usr/lib/x86_64-linux-gnu]
    arg [-L/usr/lib/../lib] ==> dir [/usr/lib/../lib]
    arg [-L/usr/lib/gcc/x86_64-linux-gnu/4.9/../../..] ==> dir [/usr/lib/gcc/x86_64-linux-gnu/4.9/../../..]
    arg [CMakeFiles/cmTryCompileExec839561593.dir/CMakeCCompilerABI.c.o] ==> ignore
    arg [-lgcc] ==> lib [gcc]
    arg [--as-needed] ==> ignore
    arg [-lgcc_s] ==> lib [gcc_s]
    arg [--no-as-needed] ==> ignore
    arg [-lc] ==> lib [c]
    arg [-lgcc] ==> lib [gcc]
    arg [--as-needed] ==> ignore
    arg [-lgcc_s] ==> lib [gcc_s]
    arg [--no-as-needed] ==> ignore
    arg [/usr/lib/gcc/x86_64-linux-gnu/4.9/crtend.o] ==> ignore
    arg [/usr/lib/gcc/x86_64-linux-gnu/4.9/../../../x86_64-linux-gnu/crtn.o] ==> ignore
  remove lib [gcc]
  remove lib [gcc_s]
  remove lib [gcc]
  remove lib [gcc_s]
  collapse library dir [/usr/lib/gcc/x86_64-linux-gnu/4.9] ==> [/usr/lib/gcc/x86_64-linux-gnu/4.9]
  collapse library dir [/usr/lib/gcc/x86_64-linux-gnu/4.9/../../../x86_64-linux-gnu] ==> [/usr/lib/x86_64-linux-gnu]
  collapse library dir [/usr/lib/gcc/x86_64-linux-gnu/4.9/../../../../lib] ==> [/usr/lib]
  collapse library dir [/lib/x86_64-linux-gnu] ==> [/lib/x86_64-linux-gnu]
  collapse library dir [/lib/../lib] ==> [/lib]
  collapse library dir [/usr/lib/x86_64-linux-gnu] ==> [/usr/lib/x86_64-linux-gnu]
  collapse library dir [/usr/lib/../lib] ==> [/usr/lib]
  collapse library dir [/usr/lib/gcc/x86_64-linux-gnu/4.9/../../..] ==> [/usr/lib]
  implicit libs: [c]
  implicit dirs: [/usr/lib/gcc/x86_64-linux-gnu/4.9;/usr/lib/x86_64-linux-gnu;/usr/lib;/lib/x86_64-linux-gnu;/lib]
  implicit fwks: []




Detecting C [-std=c11] compiler features compiled with the following output:
Change Dir: /home/maria/Downloads/taglib-1.9.1/build/CMakeFiles/CMakeTmp

Run Build Command:"/usr/bin/make" "cmTryCompileExec1019026846/fast"
/usr/bin/make -f CMakeFiles/cmTryCompileExec1019026846.dir/build.make CMakeFiles/cmTryCompileExec1019026846.dir/build
make[1]: Entering directory `/home/maria/Downloads/taglib-1.9.1/build/CMakeFiles/CMakeTmp'
/usr/local/bin/cmake -E cmake_progress_report /home/maria/Downloads/taglib-1.9.1/build/CMakeFiles/CMakeTmp/CMakeFiles 1
Building C object CMakeFiles/cmTryCompileExec1019026846.dir/feature_tests.c.o
/usr/bin/cc   -std=c11 -o CMakeFiles/cmTryCompileExec1019026846.dir/feature_tests.c.o   -c /home/maria/Downloads/taglib-1.9.1/build/CMakeFiles/feature_tests.c
Linking C executable cmTryCompileExec1019026846
/usr/local/bin/cmake -E cmake_link_script CMakeFiles/cmTryCompileExec1019026846.dir/link.txt --verbose=1
/usr/bin/cc       CMakeFiles/cmTryCompileExec1019026846.dir/feature_tests.c.o  -o cmTryCompileExec1019026846 -rdynamic 
make[1]: Leaving directory `/home/maria/Downloads/taglib-1.9.1/build/CMakeFiles/CMakeTmp'


    Feature record: C_FEATURE:1c_function_prototypes
    Feature record: C_FEATURE:1c_restrict
    Feature record: C_FEATURE:1c_static_assert
    Feature record: C_FEATURE:1c_variadic_macros


Detecting C [-std=c99] compiler features compiled with the following output:
Change Dir: /home/maria/Downloads/taglib-1.9.1/build/CMakeFiles/CMakeTmp

Run Build Command:"/usr/bin/make" "cmTryCompileExec3990927034/fast"
/usr/bin/make -f CMakeFiles/cmTryCompileExec3990927034.dir/build.make CMakeFiles/cmTryCompileExec3990927034.dir/build
make[1]: Entering directory `/home/maria/Downloads/taglib-1.9.1/build/CMakeFiles/CMakeTmp'
/usr/local/bin/cmake -E cmake_progress_report /home/maria/Downloads/taglib-1.9.1/build/CMakeFiles/CMakeTmp/CMakeFiles 1
Building C object CMakeFiles/cmTryCompileExec3990927034.dir/feature_tests.c.o
/usr/bin/cc   -std=c99 -o CMakeFiles/cmTryCompileExec3990927034.dir/feature_tests.c.o   -c /home/maria/Downloads/taglib-1.9.1/build/CMakeFiles/feature_tests.c
Linking C executable cmTryCompileExec3990927034
/usr/local/bin/cmake -E cmake_link_script CMakeFiles/cmTryCompileExec3990927034.dir/link.txt --verbose=1
/usr/bin/cc       CMakeFiles/cmTryCompileExec3990927034.dir/feature_tests.c.o  -o cmTryCompileExec3990927034 -rdynamic 
make[1]: Leaving directory `/home/maria/Downloads/taglib-1.9.1/build/CMakeFiles/CMakeTmp'


    Feature record: C_FEATURE:1c_function_prototypes
    Feature record: C_FEATURE:1c_restrict
    Feature record: C_FEATURE:0c_static_assert
    Feature record: C_FEATURE:1c_variadic_macros


Detecting C [-std=c90] compiler features compiled with the following output:
Change Dir: /home/maria/Downloads/taglib-1.9.1/build/CMakeFiles/CMakeTmp

Run Build Command:"/usr/bin/make" "cmTryCompileExec1568507056/fast"
/usr/bin/make -f CMakeFiles/cmTryCompileExec1568507056.dir/build.make CMakeFiles/cmTryCompileExec1568507056.dir/build
make[1]: Entering directory `/home/maria/Downloads/taglib-1.9.1/build/CMakeFiles/CMakeTmp'
/usr/local/bin/cmake -E cmake_progress_report /home/maria/Downloads/taglib-1.9.1/build/CMakeFiles/CMakeTmp/CMakeFiles 1
Building C object CMakeFiles/cmTryCompileExec1568507056.dir/feature_tests.c.o
/usr/bin/cc   -std=c90 -o CMakeFiles/cmTryCompileExec1568507056.dir/feature_tests.c.o   -c /home/maria/Downloads/taglib-1.9.1/build/CMakeFiles/feature_tests.c
Linking C executable cmTryCompileExec1568507056
/usr/local/bin/cmake -E cmake_link_script CMakeFiles/cmTryCompileExec1568507056.dir/link.txt --verbose=1
/usr/bin/cc       CMakeFiles/cmTryCompileExec1568507056.dir/feature_tests.c.o  -o cmTryCompileExec1568507056 -rdynamic 
make[1]: Leaving directory `/home/maria/Downloads/taglib-1.9.1/build/CMakeFiles/CMakeTmp'


    Feature record: C_FEATURE:1c_function_prototypes
    Feature record: C_FEATURE:0c_restrict
    Feature record: C_FEATURE:0c_static_assert
    Feature record: C_FEATURE:0c_variadic_macros
Determining if the CXX compiler works passed with the following output:
Change Dir: /home/maria/Downloads/taglib-1.9.1/build/CMakeFiles/CMakeTmp

Run Build Command:"/usr/bin/make" "cmTryCompileExec3493522135/fast"
/usr/bin/make -f CMakeFiles/cmTryCompileExec3493522135.dir/build.make CMakeFiles/cmTryCompileExec3493522135.dir/build
make[1]: Entering directory `/home/maria/Downloads/taglib-1.9.1/build/CMakeFiles/CMakeTmp'
/usr/local/bin/cmake -E cmake_progress_report /home/maria/Downloads/taglib-1.9.1/build/CMakeFiles/CMakeTmp/CMakeFiles 1
Building CXX object CMakeFiles/cmTryCompileExec3493522135.dir/testCXXCompiler.cxx.o
/usr/bin/c++     -o CMakeFiles/cmTryCompileExec3493522135.dir/testCXXCompiler.cxx.o -c /home/maria/Downloads/taglib-1.9.1/build/CMakeFiles/CMakeTmp/testCXXCompiler.cxx
Linking CXX executable cmTryCompileExec3493522135
/usr/local/bin/cmake -E cmake_link_script CMakeFiles/cmTryCompileExec3493522135.dir/link.txt --verbose=1
/usr/bin/c++        CMakeFiles/cmTryCompileExec3493522135.dir/testCXXCompiler.cxx.o  -o cmTryCompileExec3493522135 -rdynamic 
make[1]: Leaving directory `/home/maria/Downloads/taglib-1.9.1/build/CMakeFiles/CMakeTmp'


Detecting CXX compiler ABI info compiled with the following output:
Change Dir: /home/maria/Downloads/taglib-1.9.1/build/CMakeFiles/CMakeTmp

Run Build Command:"/usr/bin/make" "cmTryCompileExec881972710/fast"
/usr/bin/make -f CMakeFiles/cmTryCompileExec881972710.dir/build.make CMakeFiles/cmTryCompileExec881972710.dir/build
make[1]: Entering directory `/home/maria/Downloads/taglib-1.9.1/build/CMakeFiles/CMakeTmp'
/usr/local/bin/cmake -E cmake_progress_report /home/maria/Downloads/taglib-1.9.1/build/CMakeFiles/CMakeTmp/CMakeFiles 1
Building CXX object CMakeFiles/cmTryCompileExec881972710.dir/CMakeCXXCompilerABI.cpp.o
/usr/bin/c++     -o CMakeFiles/cmTryCompileExec881972710.dir/CMakeCXXCompilerABI.cpp.o -c /usr/local/share/cmake-3.2/Modules/CMakeCXXCompilerABI.cpp
Linking CXX executable cmTryCompileExec881972710
/usr/local/bin/cmake -E cmake_link_script CMakeFiles/cmTryCompileExec881972710.dir/link.txt --verbose=1
/usr/bin/c++       -v CMakeFiles/cmTryCompileExec881972710.dir/CMakeCXXCompilerABI.cpp.o  -o cmTryCompileExec881972710 -rdynamic  
Using built-in specs.
COLLECT_GCC=/usr/bin/c++
COLLECT_LTO_WRAPPER=/usr/lib/gcc/x86_64-linux-gnu/4.9/lto-wrapper
Target: x86_64-linux-gnu
Configured with: ../src/configure -v --with-pkgversion='Ubuntu 4.9.2-0ubuntu1~14.04' --with-bugurl=file:///usr/share/doc/gcc-4.9/README.Bugs --enable-languages=c,c++,java,go,d,fortran,objc,obj-c++ --prefix=/usr --program-suffix=-4.9 --enable-shared --enable-linker-build-id --libexecdir=/usr/lib --without-included-gettext --enable-threads=posix --with-gxx-include-dir=/usr/include/c++/4.9 --libdir=/usr/lib --enable-nls --with-sysroot=/ --enable-clocale=gnu --enable-libstdcxx-debug --enable-libstdcxx-time=yes --enable-gnu-unique-object --disable-vtable-verify --enable-plugin --with-system-zlib --disable-browser-plugin --enable-java-awt=gtk --enable-gtk-cairo --with-java-home=/usr/lib/jvm/java-1.5.0-gcj-4.9-amd64/jre --enable-java-home --with-jvm-root-dir=/usr/lib/jvm/java-1.5.0-gcj-4.9-amd64 --with-jvm-jar-dir=/usr/lib/jvm-exports/java-1.5.0-gcj-4.9-amd64 --with-arch-directory=amd64 --with-ecj-jar=/usr/share/java/eclipse-ecj.jar --enable-objc-gc --enable-multiarch --disable-werror --with-arch-32=i686 --with-abi=m64 --with-multilib-list=m32,m64,mx32 --enable-multilib --with-tune=generic --enable-checking=release --build=x86_64-linux-gnu --host=x86_64-linux-gnu --target=x86_64-linux-gnu
Thread model: posix
gcc version 4.9.2 (Ubuntu 4.9.2-0ubuntu1~14.04) 
COMPILER_PATH=/usr/lib/gcc/x86_64-linux-gnu/4.9/:/usr/lib/gcc/x86_64-linux-gnu/4.9/:/usr/lib/gcc/x86_64-linux-gnu/:/usr/lib/gcc/x86_64-linux-gnu/4.9/:/usr/lib/gcc/x86_64-linux-gnu/
LIBRARY_PATH=/usr/lib/gcc/x86_64-linux-gnu/4.9/:/usr/lib/gcc/x86_64-linux-gnu/4.9/../../../x86_64-linux-gnu/:/usr/lib/gcc/x86_64-linux-gnu/4.9/../../../../lib/:/lib/x86_64-linux-gnu/:/lib/../lib/:/usr/lib/x86_64-linux-gnu/:/usr/lib/../lib/:/usr/lib/gcc/x86_64-linux-gnu/4.9/../../../:/lib/:/usr/lib/
COLLECT_GCC_OPTIONS='-v' '-o' 'cmTryCompileExec881972710' '-rdynamic' '-shared-libgcc' '-mtune=generic' '-march=x86-64'
 /usr/lib/gcc/x86_64-linux-gnu/4.9/collect2 -plugin /usr/lib/gcc/x86_64-linux-gnu/4.9/liblto_plugin.so -plugin-opt=/usr/lib/gcc/x86_64-linux-gnu/4.9/lto-wrapper -plugin-opt=-fresolution=/tmp/ccA2vUIu.res -plugin-opt=-pass-through=-lgcc_s -plugin-opt=-pass-through=-lgcc -plugin-opt=-pass-through=-lc -plugin-opt=-pass-through=-lgcc_s -plugin-opt=-pass-through=-lgcc --sysroot=/ --build-id --eh-frame-hdr -m elf_x86_64 --hash-style=gnu --as-needed -export-dynamic -dynamic-linker /lib64/ld-linux-x86-64.so.2 -z relro -o cmTryCompileExec881972710 /usr/lib/gcc/x86_64-linux-gnu/4.9/../../../x86_64-linux-gnu/crt1.o /usr/lib/gcc/x86_64-linux-gnu/4.9/../../../x86_64-linux-gnu/crti.o /usr/lib/gcc/x86_64-linux-gnu/4.9/crtbegin.o -L/usr/lib/gcc/x86_64-linux-gnu/4.9 -L/usr/lib/gcc/x86_64-linux-gnu/4.9/../../../x86_64-linux-gnu -L/usr/lib/gcc/x86_64-linux-gnu/4.9/../../../../lib -L/lib/x86_64-linux-gnu -L/lib/../lib -L/usr/lib/x86_64-linux-gnu -L/usr/lib/../lib -L/usr/lib/gcc/x86_64-linux-gnu/4.9/../../.. CMakeFiles/cmTryCompileExec881972710.dir/CMakeCXXCompilerABI.cpp.o -lstdc++ -lm -lgcc_s -lgcc -lc -lgcc_s -lgcc /usr/lib/gcc/x86_64-linux-gnu/4.9/crtend.o /usr/lib/gcc/x86_64-linux-gnu/4.9/../../../x86_64-linux-gnu/crtn.o
make[1]: Leaving directory `/home/maria/Downloads/taglib-1.9.1/build/CMakeFiles/CMakeTmp'


Parsed CXX implicit link information from above output:
  link line regex: [^( *|.*[/\])(ld|([^/\]+-)?ld|collect2)[^/\]*( |$)]
  ignore line: [Change Dir: /home/maria/Downloads/taglib-1.9.1/build/CMakeFiles/CMakeTmp]
  ignore line: []
  ignore line: [Run Build Command:"/usr/bin/make" "cmTryCompileExec881972710/fast"]
  ignore line: [/usr/bin/make -f CMakeFiles/cmTryCompileExec881972710.dir/build.make CMakeFiles/cmTryCompileExec881972710.dir/build]
  ignore line: [make[1]: Entering directory `/home/maria/Downloads/taglib-1.9.1/build/CMakeFiles/CMakeTmp']
  ignore line: [/usr/local/bin/cmake -E cmake_progress_report /home/maria/Downloads/taglib-1.9.1/build/CMakeFiles/CMakeTmp/CMakeFiles 1]
  ignore line: [Building CXX object CMakeFiles/cmTryCompileExec881972710.dir/CMakeCXXCompilerABI.cpp.o]
  ignore line: [/usr/bin/c++     -o CMakeFiles/cmTryCompileExec881972710.dir/CMakeCXXCompilerABI.cpp.o -c /usr/local/share/cmake-3.2/Modules/CMakeCXXCompilerABI.cpp]
  ignore line: [Linking CXX executable cmTryCompileExec881972710]
  ignore line: [/usr/local/bin/cmake -E cmake_link_script CMakeFiles/cmTryCompileExec881972710.dir/link.txt --verbose=1]
  ignore line: [/usr/bin/c++       -v CMakeFiles/cmTryCompileExec881972710.dir/CMakeCXXCompilerABI.cpp.o  -o cmTryCompileExec881972710 -rdynamic  ]
  ignore line: [Using built-in specs.]
  ignore line: [COLLECT_GCC=/usr/bin/c++]
  ignore line: [COLLECT_LTO_WRAPPER=/usr/lib/gcc/x86_64-linux-gnu/4.9/lto-wrapper]
  ignore line: [Target: x86_64-linux-gnu]
  ignore line: [Configured with: ../src/configure -v --with-pkgversion='Ubuntu 4.9.2-0ubuntu1~14.04' --with-bugurl=file:///usr/share/doc/gcc-4.9/README.Bugs --enable-languages=c,c++,java,go,d,fortran,objc,obj-c++ --prefix=/usr --program-suffix=-4.9 --enable-shared --enable-linker-build-id --libexecdir=/usr/lib --without-included-gettext --enable-threads=posix --with-gxx-include-dir=/usr/include/c++/4.9 --libdir=/usr/lib --enable-nls --with-sysroot=/ --enable-clocale=gnu --enable-libstdcxx-debug --enable-libstdcxx-time=yes --enable-gnu-unique-object --disable-vtable-verify --enable-plugin --with-system-zlib --disable-browser-plugin --enable-java-awt=gtk --enable-gtk-cairo --with-java-home=/usr/lib/jvm/java-1.5.0-gcj-4.9-amd64/jre --enable-java-home --with-jvm-root-dir=/usr/lib/jvm/java-1.5.0-gcj-4.9-amd64 --with-jvm-jar-dir=/usr/lib/jvm-exports/java-1.5.0-gcj-4.9-amd64 --with-arch-directory=amd64 --with-ecj-jar=/usr/share/java/eclipse-ecj.jar --enable-objc-gc --enable-multiarch --disable-werror --with-arch-32=i686 --with-abi=m64 --with-multilib-list=m32,m64,mx32 --enable-multilib --with-tune=generic --enable-checking=release --build=x86_64-linux-gnu --host=x86_64-linux-gnu --target=x86_64-linux-gnu]
  ignore line: [Thread model: posix]
  ignore line: [gcc version 4.9.2 (Ubuntu 4.9.2-0ubuntu1~14.04) ]
  ignore line: [COMPILER_PATH=/usr/lib/gcc/x86_64-linux-gnu/4.9/:/usr/lib/gcc/x86_64-linux-gnu/4.9/:/usr/lib/gcc/x86_64-linux-gnu/:/usr/lib/gcc/x86_64-linux-gnu/4.9/:/usr/lib/gcc/x86_64-linux-gnu/]
  ignore line: [LIBRARY_PATH=/usr/lib/gcc/x86_64-linux-gnu/4.9/:/usr/lib/gcc/x86_64-linux-gnu/4.9/../../../x86_64-linux-gnu/:/usr/lib/gcc/x86_64-linux-gnu/4.9/../../../../lib/:/lib/x86_64-linux-gnu/:/lib/../lib/:/usr/lib/x86_64-linux-gnu/:/usr/lib/../lib/:/usr/lib/gcc/x86_64-linux-gnu/4.9/../../../:/lib/:/usr/lib/]
  ignore line: [COLLECT_GCC_OPTIONS='-v' '-o' 'cmTryCompileExec881972710' '-rdynamic' '-shared-libgcc' '-mtune=generic' '-march=x86-64']
  link line: [ /usr/lib/gcc/x86_64-linux-gnu/4.9/collect2 -plugin /usr/lib/gcc/x86_64-linux-gnu/4.9/liblto_plugin.so -plugin-opt=/usr/lib/gcc/x86_64-linux-gnu/4.9/lto-wrapper -plugin-opt=-fresolution=/tmp/ccA2vUIu.res -plugin-opt=-pass-through=-lgcc_s -plugin-opt=-pass-through=-lgcc -plugin-opt=-pass-through=-lc -plugin-opt=-pass-through=-lgcc_s -plugin-opt=-pass-through=-lgcc --sysroot=/ --build-id --eh-frame-hdr -m elf_x86_64 --hash-style=gnu --as-needed -export-dynamic -dynamic-linker /lib64/ld-linux-x86-64.so.2 -z relro -o cmTryCompileExec881972710 /usr/lib/gcc/x86_64-linux-gnu/4.9/../../../x86_64-linux-gnu/crt1.o /usr/lib/gcc/x86_64-linux-gnu/4.9/../../../x86_64-linux-gnu/crti.o /usr/lib/gcc/x86_64-linux-gnu/4.9/crtbegin.o -L/usr/lib/gcc/x86_64-linux-gnu/4.9 -L/usr/lib/gcc/x86_64-linux-gnu/4.9/../../../x86_64-linux-gnu -L/usr/lib/gcc/x86_64-linux-gnu/4.9/../../../../lib -L/lib/x86_64-linux-gnu -L/lib/../lib -L/usr/lib/x86_64-linux-gnu -L/usr/lib/../lib -L/usr/lib/gcc/x86_64-linux-gnu/4.9/../../.. CMakeFiles/cmTryCompileExec881972710.dir/CMakeCXXCompilerABI.cpp.o -lstdc++ -lm -lgcc_s -lgcc -lc -lgcc_s -lgcc /usr/lib/gcc/x86_64-linux-gnu/4.9/crtend.o /usr/lib/gcc/x86_64-linux-gnu/4.9/../../../x86_64-linux-gnu/crtn.o]
    arg [/usr/lib/gcc/x86_64-linux-gnu/4.9/collect2] ==> ignore
    arg [-plugin] ==> ignore
    arg [/usr/lib/gcc/x86_64-linux-gnu/4.9/liblto_plugin.so] ==> ignore
    arg [-plugin-opt=/usr/lib/gcc/x86_64-linux-gnu/4.9/lto-wrapper] ==> ignore
    arg [-plugin-opt=-fresolution=/tmp/ccA2vUIu.res] ==> ignore
    arg [-plugin-opt=-pass-through=-lgcc_s] ==> ignore
    arg [-plugin-opt=-pass-through=-lgcc] ==> ignore
    arg [-plugin-opt=-pass-through=-lc] ==> ignore
    arg [-plugin-opt=-pass-through=-lgcc_s] ==> ignore
    arg [-plugin-opt=-pass-through=-lgcc] ==> ignore
    arg [--sysroot=/] ==> ignore
    arg [--build-id] ==> ignore
    arg [--eh-frame-hdr] ==> ignore
    arg [-m] ==> ignore
    arg [elf_x86_64] ==> ignore
    arg [--hash-style=gnu] ==> ignore
    arg [--as-needed] ==> ignore
    arg [-export-dynamic] ==> ignore
    arg [-dynamic-linker] ==> ignore
    arg [/lib64/ld-linux-x86-64.so.2] ==> ignore
    arg [-zrelro] ==> ignore
    arg [-o] ==> ignore
    arg [cmTryCompileExec881972710] ==> ignore
    arg [/usr/lib/gcc/x86_64-linux-gnu/4.9/../../../x86_64-linux-gnu/crt1.o] ==> ignore
    arg [/usr/lib/gcc/x86_64-linux-gnu/4.9/../../../x86_64-linux-gnu/crti.o] ==> ignore
    arg [/usr/lib/gcc/x86_64-linux-gnu/4.9/crtbegin.o] ==> ignore
    arg [-L/usr/lib/gcc/x86_64-linux-gnu/4.9] ==> dir [/usr/lib/gcc/x86_64-linux-gnu/4.9]
    arg [-L/usr/lib/gcc/x86_64-linux-gnu/4.9/../../../x86_64-linux-gnu] ==> dir [/usr/lib/gcc/x86_64-linux-gnu/4.9/../../../x86_64-linux-gnu]
    arg [-L/usr/lib/gcc/x86_64-linux-gnu/4.9/../../../../lib] ==> dir [/usr/lib/gcc/x86_64-linux-gnu/4.9/../../../../lib]
    arg [-L/lib/x86_64-linux-gnu] ==> dir [/lib/x86_64-linux-gnu]
    arg [-L/lib/../lib] ==> dir [/lib/../lib]
    arg [-L/usr/lib/x86_64-linux-gnu] ==> dir [/usr/lib/x86_64-linux-gnu]
    arg [-L/usr/lib/../lib] ==> dir [/usr/lib/../lib]
    arg [-L/usr/lib/gcc/x86_64-linux-gnu/4.9/../../..] ==> dir [/usr/lib/gcc/x86_64-linux-gnu/4.9/../../..]
    arg [CMakeFiles/cmTryCompileExec881972710.dir/CMakeCXXCompilerABI.cpp.o] ==> ignore
    arg [-lstdc++] ==> lib [stdc++]
    arg [-lm] ==> lib [m]
    arg [-lgcc_s] ==> lib [gcc_s]
    arg [-lgcc] ==> lib [gcc]
    arg [-lc] ==> lib [c]
    arg [-lgcc_s] ==> lib [gcc_s]
    arg [-lgcc] ==> lib [gcc]
    arg [/usr/lib/gcc/x86_64-linux-gnu/4.9/crtend.o] ==> ignore
    arg [/usr/lib/gcc/x86_64-linux-gnu/4.9/../../../x86_64-linux-gnu/crtn.o] ==> ignore
  remove lib [gcc_s]
  remove lib [gcc]
  remove lib [gcc_s]
  remove lib [gcc]
  collapse library dir [/usr/lib/gcc/x86_64-linux-gnu/4.9] ==> [/usr/lib/gcc/x86_64-linux-gnu/4.9]
  collapse library dir [/usr/lib/gcc/x86_64-linux-gnu/4.9/../../../x86_64-linux-gnu] ==> [/usr/lib/x86_64-linux-gnu]
  collapse library dir [/usr/lib/gcc/x86_64-linux-gnu/4.9/../../../../lib] ==> [/usr/lib]
  collapse library dir [/lib/x86_64-linux-gnu] ==> [/lib/x86_64-linux-gnu]
  collapse library dir [/lib/../lib] ==> [/lib]
  collapse library dir [/usr/lib/x86_64-linux-gnu] ==> [/usr/lib/x86_64-linux-gnu]
  collapse library dir [/usr/lib/../lib] ==> [/usr/lib]
  collapse library dir [/usr/lib/gcc/x86_64-linux-gnu/4.9/../../..] ==> [/usr/lib]
  implicit libs: [stdc++;m;c]
  implicit dirs: [/usr/lib/gcc/x86_64-linux-gnu/4.9;/usr/lib/x86_64-linux-gnu;/usr/lib;/lib/x86_64-linux-gnu;/lib]
  implicit fwks: []




Detecting CXX [-std=c++14] compiler features compiled with the following output:
Change Dir: /home/maria/Downloads/taglib-1.9.1/build/CMakeFiles/CMakeTmp

Run Build Command:"/usr/bin/make" "cmTryCompileExec4104078844/fast"
/usr/bin/make -f CMakeFiles/cmTryCompileExec4104078844.dir/build.make CMakeFiles/cmTryCompileExec4104078844.dir/build
make[1]: Entering directory `/home/maria/Downloads/taglib-1.9.1/build/CMakeFiles/CMakeTmp'
/usr/local/bin/cmake -E cmake_progress_report /home/maria/Downloads/taglib-1.9.1/build/CMakeFiles/CMakeTmp/CMakeFiles 1
Building CXX object CMakeFiles/cmTryCompileExec4104078844.dir/feature_tests.cxx.o
/usr/bin/c++    -std=c++14 -o CMakeFiles/cmTryCompileExec4104078844.dir/feature_tests.cxx.o -c /home/maria/Downloads/taglib-1.9.1/build/CMakeFiles/feature_tests.cxx
Linking CXX executable cmTryCompileExec4104078844
/usr/local/bin/cmake -E cmake_link_script CMakeFiles/cmTryCompileExec4104078844.dir/link.txt --verbose=1
/usr/bin/c++        CMakeFiles/cmTryCompileExec4104078844.dir/feature_tests.cxx.o  -o cmTryCompileExec4104078844 -rdynamic 
make[1]: Leaving directory `/home/maria/Downloads/taglib-1.9.1/build/CMakeFiles/CMakeTmp'


    Feature record: CXX_FEATURE:0cxx_aggregate_default_initializers
    Feature record: CXX_FEATURE:1cxx_alias_templates
    Feature record: CXX_FEATURE:1cxx_alignas
    Feature record: CXX_FEATURE:1cxx_alignof
    Feature record: CXX_FEATURE:1cxx_attributes
    Feature record: CXX_FEATURE:1cxx_attribute_deprecated
    Feature record: CXX_FEATURE:1cxx_auto_type
    Feature record: CXX_FEATURE:1cxx_binary_literals
    Feature record: CXX_FEATURE:1cxx_constexpr
    Feature record: CXX_FEATURE:1cxx_contextual_conversions
    Feature record: CXX_FEATURE:1cxx_decltype
    Feature record: CXX_FEATURE:1cxx_decltype_auto
    Feature record: CXX_FEATURE:1cxx_decltype_incomplete_return_types
    Feature record: CXX_FEATURE:1cxx_default_function_template_args
    Feature record: CXX_FEATURE:1cxx_defaulted_functions
    Feature record: CXX_FEATURE:1cxx_defaulted_move_initializers
    Feature record: CXX_FEATURE:1cxx_delegating_constructors
    Feature record: CXX_FEATURE:1cxx_deleted_functions
    Feature record: CXX_FEATURE:1cxx_digit_separators
    Feature record: CXX_FEATURE:1cxx_enum_forward_declarations
    Feature record: CXX_FEATURE:1cxx_explicit_conversions
    Feature record: CXX_FEATURE:1cxx_extended_friend_declarations
    Feature record: CXX_FEATURE:1cxx_extern_templates
    Feature record: CXX_FEATURE:1cxx_final
    Feature record: CXX_FEATURE:1cxx_func_identifier
    Feature record: CXX_FEATURE:1cxx_generalized_initializers
    Feature record: CXX_FEATURE:1cxx_generic_lambdas
    Feature record: CXX_FEATURE:1cxx_inheriting_constructors
    Feature record: CXX_FEATURE:1cxx_inline_namespaces
    Feature record: CXX_FEATURE:1cxx_lambdas
    Feature record: CXX_FEATURE:1cxx_lambda_init_captures
    Feature record: CXX_FEATURE:1cxx_local_type_template_args
    Feature record: CXX_FEATURE:1cxx_long_long_type
    Feature record: CXX_FEATURE:1cxx_noexcept
    Feature record: CXX_FEATURE:1cxx_nonstatic_member_init
    Feature record: CXX_FEATURE:1cxx_nullptr
    Feature record: CXX_FEATURE:1cxx_override
    Feature record: CXX_FEATURE:1cxx_range_for
    Feature record: CXX_FEATURE:1cxx_raw_string_literals
    Feature record: CXX_FEATURE:1cxx_reference_qualified_functions
    Feature record: CXX_FEATURE:0cxx_relaxed_constexpr
    Feature record: CXX_FEATURE:1cxx_return_type_deduction
    Feature record: CXX_FEATURE:1cxx_right_angle_brackets
    Feature record: CXX_FEATURE:1cxx_rvalue_references
    Feature record: CXX_FEATURE:1cxx_sizeof_member
    Feature record: CXX_FEATURE:1cxx_static_assert
    Feature record: CXX_FEATURE:1cxx_strong_enums
    Feature record: CXX_FEATURE:1cxx_template_template_parameters
    Feature record: CXX_FEATURE:1cxx_thread_local
    Feature record: CXX_FEATURE:1cxx_trailing_return_types
    Feature record: CXX_FEATURE:1cxx_unicode_literals
    Feature record: CXX_FEATURE:1cxx_uniform_initialization
    Feature record: CXX_FEATURE:1cxx_unrestricted_unions
    Feature record: CXX_FEATURE:1cxx_user_literals
    Feature record: CXX_FEATURE:0cxx_variable_templates
    Feature record: CXX_FEATURE:1cxx_variadic_macros
    Feature record: CXX_FEATURE:1cxx_variadic_templates


Detecting CXX [-std=c++11] compiler features compiled with the following output:
Change Dir: /home/maria/Downloads/taglib-1.9.1/build/CMakeFiles/CMakeTmp

Run Build Command:"/usr/bin/make" "cmTryCompileExec4078623073/fast"
/usr/bin/make -f CMakeFiles/cmTryCompileExec4078623073.dir/build.make CMakeFiles/cmTryCompileExec4078623073.dir/build
make[1]: Entering directory `/home/maria/Downloads/taglib-1.9.1/build/CMakeFiles/CMakeTmp'
/usr/local/bin/cmake -E cmake_progress_report /home/maria/Downloads/taglib-1.9.1/build/CMakeFiles/CMakeTmp/CMakeFiles 1
Building CXX object CMakeFiles/cmTryCompileExec4078623073.dir/feature_tests.cxx.o
/usr/bin/c++    -std=c++11 -o CMakeFiles/cmTryCompileExec4078623073.dir/feature_tests.cxx.o -c /home/maria/Downloads/taglib-1.9.1/build/CMakeFiles/feature_tests.cxx
Linking CXX executable cmTryCompileExec4078623073
/usr/local/bin/cmake -E cmake_link_script CMakeFiles/cmTryCompileExec4078623073.dir/link.txt --verbose=1
/usr/bin/c++        CMakeFiles/cmTryCompileExec4078623073.dir/feature_tests.cxx.o  -o cmTryCompileExec4078623073 -rdynamic 
make[1]: Leaving directory `/home/maria/Downloads/taglib-1.9.1/build/CMakeFiles/CMakeTmp'


    Feature record: CXX_FEATURE:0cxx_aggregate_default_initializers
    Feature record: CXX_FEATURE:1cxx_alias_templates
    Feature record: CXX_FEATURE:1cxx_alignas
    Feature record: CXX_FEATURE:1cxx_alignof
    Feature record: CXX_FEATURE:1cxx_attributes
    Feature record: CXX_FEATURE:0cxx_attribute_deprecated
    Feature record: CXX_FEATURE:1cxx_auto_type
    Feature record: CXX_FEATURE:0cxx_binary_literals
    Feature record: CXX_FEATURE:1cxx_constexpr
    Feature record: CXX_FEATURE:0cxx_contextual_conversions
    Feature record: CXX_FEATURE:1cxx_decltype
    Feature record: CXX_FEATURE:0cxx_decltype_auto
    Feature record: CXX_FEATURE:1cxx_decltype_incomplete_return_types
    Feature record: CXX_FEATURE:1cxx_default_function_template_args
    Feature record: CXX_FEATURE:1cxx_defaulted_functions
    Feature record: CXX_FEATURE:1cxx_defaulted_move_initializers
    Feature record: CXX_FEATURE:1cxx_delegating_constructors
    Feature record: CXX_FEATURE:1cxx_deleted_functions
    Feature record: CXX_FEATURE:0cxx_digit_separators
    Feature record: CXX_FEATURE:1cxx_enum_forward_declarations
    Feature record: CXX_FEATURE:1cxx_explicit_conversions
    Feature record: CXX_FEATURE:1cxx_extended_friend_declarations
    Feature record: CXX_FEATURE:1cxx_extern_templates
    Feature record: CXX_FEATURE:1cxx_final
    Feature record: CXX_FEATURE:1cxx_func_identifier
    Feature record: CXX_FEATURE:1cxx_generalized_initializers
    Feature record: CXX_FEATURE:0cxx_generic_lambdas
    Feature record: CXX_FEATURE:1cxx_inheriting_constructors
    Feature record: CXX_FEATURE:1cxx_inline_namespaces
    Feature record: CXX_FEATURE:1cxx_lambdas
    Feature record: CXX_FEATURE:0cxx_lambda_init_captures
    Feature record: CXX_FEATURE:1cxx_local_type_template_args
    Feature record: CXX_FEATURE:1cxx_long_long_type
    Feature record: CXX_FEATURE:1cxx_noexcept
    Feature record: CXX_FEATURE:1cxx_nonstatic_member_init
    Feature record: CXX_FEATURE:1cxx_nullptr
    Feature record: CXX_FEATURE:1cxx_override
    Feature record: CXX_FEATURE:1cxx_range_for
    Feature record: CXX_FEATURE:1cxx_raw_string_literals
    Feature record: CXX_FEATURE:1cxx_reference_qualified_functions
    Feature record: CXX_FEATURE:0cxx_relaxed_constexpr
    Feature record: CXX_FEATURE:0cxx_return_type_deduction
    Feature record: CXX_FEATURE:1cxx_right_angle_brackets
    Feature record: CXX_FEATURE:1cxx_rvalue_references
    Feature record: CXX_FEATURE:1cxx_sizeof_member
    Feature record: CXX_FEATURE:1cxx_static_assert
    Feature record: CXX_FEATURE:1cxx_strong_enums
    Feature record: CXX_FEATURE:1cxx_template_template_parameters
    Feature record: CXX_FEATURE:1cxx_thread_local
    Feature record: CXX_FEATURE:1cxx_trailing_return_types
    Feature record: CXX_FEATURE:1cxx_unicode_literals
    Feature record: CXX_FEATURE:1cxx_uniform_initialization
    Feature record: CXX_FEATURE:1cxx_unrestricted_unions
    Feature record: CXX_FEATURE:1cxx_user_literals
    Feature record: CXX_FEATURE:0cxx_variable_templates
    Feature record: CXX_FEATURE:1cxx_variadic_macros
    Feature record: CXX_FEATURE:1cxx_variadic_templates


Detecting CXX [-std=c++98] compiler features compiled with the following output:
Change Dir: /home/maria/Downloads/taglib-1.9.1/build/CMakeFiles/CMakeTmp

Run Build Command:"/usr/bin/make" "cmTryCompileExec3656786869/fast"
/usr/bin/make -f CMakeFiles/cmTryCompileExec3656786869.dir/build.make CMakeFiles/cmTryCompileExec3656786869.dir/build
make[1]: Entering directory `/home/maria/Downloads/taglib-1.9.1/build/CMakeFiles/CMakeTmp'
/usr/local/bin/cmake -E cmake_progress_report /home/maria/Downloads/taglib-1.9.1/build/CMakeFiles/CMakeTmp/CMakeFiles 1
Building CXX object CMakeFiles/cmTryCompileExec3656786869.dir/feature_tests.cxx.o
/usr/bin/c++    -std=c++98 -o CMakeFiles/cmTryCompileExec3656786869.dir/feature_tests.cxx.o -c /home/maria/Downloads/taglib-1.9.1/build/CMakeFiles/feature_tests.cxx
Linking CXX executable cmTryCompileExec3656786869
/usr/local/bin/cmake -E cmake_link_script CMakeFiles/cmTryCompileExec3656786869.dir/link.txt --verbose=1
/usr/bin/c++        CMakeFiles/cmTryCompileExec3656786869.dir/feature_tests.cxx.o  -o cmTryCompileExec3656786869 -rdynamic 
make[1]: Leaving directory `/home/maria/Downloads/taglib-1.9.1/build/CMakeFiles/CMakeTmp'


    Feature record: CXX_FEATURE:0cxx_aggregate_default_initializers
    Feature record: CXX_FEATURE:0cxx_alias_templates
    Feature record: CXX_FEATURE:0cxx_alignas
    Feature record: CXX_FEATURE:0cxx_alignof
    Feature record: CXX_FEATURE:0cxx_attributes
    Feature record: CXX_FEATURE:0cxx_attribute_deprecated
    Feature record: CXX_FEATURE:0cxx_auto_type
    Feature record: CXX_FEATURE:0cxx_binary_literals
    Feature record: CXX_FEATURE:0cxx_constexpr
    Feature record: CXX_FEATURE:0cxx_contextual_conversions
    Feature record: CXX_FEATURE:0cxx_decltype
    Feature record: CXX_FEATURE:0cxx_decltype_auto
    Feature record: CXX_FEATURE:0cxx_decltype_incomplete_return_types
    Feature record: CXX_FEATURE:0cxx_default_function_template_args
    Feature record: CXX_FEATURE:0cxx_defaulted_functions
    Feature record: CXX_FEATURE:0cxx_defaulted_move_initializers
    Feature record: CXX_FEATURE:0cxx_delegating_constructors
    Feature record: CXX_FEATURE:0cxx_deleted_functions
    Feature record: CXX_FEATURE:0cxx_digit_separators
    Feature record: CXX_FEATURE:0cxx_enum_forward_declarations
    Feature record: CXX_FEATURE:0cxx_explicit_conversions
    Feature record: CXX_FEATURE:0cxx_extended_friend_declarations
    Feature record: CXX_FEATURE:0cxx_extern_templates
    Feature record: CXX_FEATURE:0cxx_final
    Feature record: CXX_FEATURE:0cxx_func_identifier
    Feature record: CXX_FEATURE:0cxx_generalized_initializers
    Feature record: CXX_FEATURE:0cxx_generic_lambdas
    Feature record: CXX_FEATURE:0cxx_inheriting_constructors
    Feature record: CXX_FEATURE:0cxx_inline_namespaces
    Feature record: CXX_FEATURE:0cxx_lambdas
    Feature record: CXX_FEATURE:0cxx_lambda_init_captures
    Feature record: CXX_FEATURE:0cxx_local_type_template_args
    Feature record: CXX_FEATURE:0cxx_long_long_type
    Feature record: CXX_FEATURE:0cxx_noexcept
    Feature record: CXX_FEATURE:0cxx_nonstatic_member_init
    Feature record: CXX_FEATURE:0cxx_nullptr
    Feature record: CXX_FEATURE:0cxx_override
    Feature record: CXX_FEATURE:0cxx_range_for
    Feature record: CXX_FEATURE:0cxx_raw_string_literals
    Feature record: CXX_FEATURE:0cxx_reference_qualified_functions
    Feature record: CXX_FEATURE:0cxx_relaxed_constexpr
    Feature record: CXX_FEATURE:0cxx_return_type_deduction
    Feature record: CXX_FEATURE:0cxx_right_angle_brackets
    Feature record: CXX_FEATURE:0cxx_rvalue_references
    Feature record: CXX_FEATURE:0cxx_sizeof_member
    Feature record: CXX_FEATURE:0cxx_static_assert
    Feature record: CXX_FEATURE:0cxx_strong_enums
    Feature record: CXX_FEATURE:1cxx_template_template_parameters
    Feature record: CXX_FEATURE:0cxx_thread_local
    Feature record: CXX_FEATURE:0cxx_trailing_return_types
    Feature record: CXX_FEATURE:0cxx_unicode_literals
    Feature record: CXX_FEATURE:0cxx_uniform_initialization
    Feature record: CXX_FEATURE:0cxx_unrestricted_unions
    Feature record: CXX_FEATURE:0cxx_user_literals
    Feature record: CXX_FEATURE:0cxx_variable_templates
    Feature record: CXX_FEATURE:0cxx_variadic_macros
    Feature record: CXX_FEATURE:0cxx_variadic_templates
Determining if the include file sys/types.h exists passed with the following output:
Change Dir: /home/maria/Downloads/taglib-1.9.1/build/CMakeFiles/CMakeTmp

Run Build Command:"/usr/bin/make" "cmTryCompileExec2890647185/fast"
/usr/bin/make -f CMakeFiles/cmTryCompileExec2890647185.dir/build.make CMakeFiles/cmTryCompileExec2890647185.dir/build
make[1]: Entering directory `/home/maria/Downloads/taglib-1.9.1/build/CMakeFiles/CMakeTmp'
/usr/local/bin/cmake -E cmake_progress_report /home/maria/Downloads/taglib-1.9.1/build/CMakeFiles/CMakeTmp/CMakeFiles 1
Building C object CMakeFiles/cmTryCompileExec2890647185.dir/CheckIncludeFile.c.o
/usr/bin/cc   -Wall    -o CMakeFiles/cmTryCompileExec2890647185.dir/CheckIncludeFile.c.o   -c /home/maria/Downloads/taglib-1.9.1/build/CMakeFiles/CMakeTmp/CheckIncludeFile.c
Linking C executable cmTryCompileExec2890647185
/usr/local/bin/cmake -E cmake_link_script CMakeFiles/cmTryCompileExec2890647185.dir/link.txt --verbose=1
/usr/bin/cc   -Wall     CMakeFiles/cmTryCompileExec2890647185.dir/CheckIncludeFile.c.o  -o cmTryCompileExec2890647185 -rdynamic 
make[1]: Leaving directory `/home/maria/Downloads/taglib-1.9.1/build/CMakeFiles/CMakeTmp'


Determining if the include file stdint.h exists passed with the following output:
Change Dir: /home/maria/Downloads/taglib-1.9.1/build/CMakeFiles/CMakeTmp

Run Build Command:"/usr/bin/make" "cmTryCompileExec3045178536/fast"
/usr/bin/make -f CMakeFiles/cmTryCompileExec3045178536.dir/build.make CMakeFiles/cmTryCompileExec3045178536.dir/build
make[1]: Entering directory `/home/maria/Downloads/taglib-1.9.1/build/CMakeFiles/CMakeTmp'
/usr/local/bin/cmake -E cmake_progress_report /home/maria/Downloads/taglib-1.9.1/build/CMakeFiles/CMakeTmp/CMakeFiles 1
Building C object CMakeFiles/cmTryCompileExec3045178536.dir/CheckIncludeFile.c.o
/usr/bin/cc   -Wall    -o CMakeFiles/cmTryCompileExec3045178536.dir/CheckIncludeFile.c.o   -c /home/maria/Downloads/taglib-1.9.1/build/CMakeFiles/CMakeTmp/CheckIncludeFile.c
Linking C executable cmTryCompileExec3045178536
/usr/local/bin/cmake -E cmake_link_script CMakeFiles/cmTryCompileExec3045178536.dir/link.txt --verbose=1
/usr/bin/cc   -Wall     CMakeFiles/cmTryCompileExec3045178536.dir/CheckIncludeFile.c.o  -o cmTryCompileExec3045178536 -rdynamic 
make[1]: Leaving directory `/home/maria/Downloads/taglib-1.9.1/build/CMakeFiles/CMakeTmp'


Determining if the include file stddef.h exists passed with the following output:
Change Dir: /home/maria/Downloads/taglib-1.9.1/build/CMakeFiles/CMakeTmp

Run Build Command:"/usr/bin/make" "cmTryCompileExec73656908/fast"
/usr/bin/make -f CMakeFiles/cmTryCompileExec73656908.dir/build.make CMakeFiles/cmTryCompileExec73656908.dir/build
make[1]: Entering directory `/home/maria/Downloads/taglib-1.9.1/build/CMakeFiles/CMakeTmp'
/usr/local/bin/cmake -E cmake_progress_report /home/maria/Downloads/taglib-1.9.1/build/CMakeFiles/CMakeTmp/CMakeFiles 1
Building C object CMakeFiles/cmTryCompileExec73656908.dir/CheckIncludeFile.c.o
/usr/bin/cc   -Wall    -o CMakeFiles/cmTryCompileExec73656908.dir/CheckIncludeFile.c.o   -c /home/maria/Downloads/taglib-1.9.1/build/CMakeFiles/CMakeTmp/CheckIncludeFile.c
Linking C executable cmTryCompileExec73656908
/usr/local/bin/cmake -E cmake_link_script CMakeFiles/cmTryCompileExec73656908.dir/link.txt --verbose=1
/usr/bin/cc   -Wall     CMakeFiles/cmTryCompileExec73656908.dir/CheckIncludeFile.c.o  -o cmTryCompileExec73656908 -rdynamic 
make[1]: Leaving directory `/home/maria/Downloads/taglib-1.9.1/build/CMakeFiles/CMakeTmp'


Determining size of short passed with the following output:
Change Dir: /home/maria/Downloads/taglib-1.9.1/build/CMakeFiles/CMakeTmp

Run Build Command:"/usr/bin/make" "cmTryCompileExec2893480928/fast"
/usr/bin/make -f CMakeFiles/cmTryCompileExec2893480928.dir/build.make CMakeFiles/cmTryCompileExec2893480928.dir/build
make[1]: Entering directory `/home/maria/Downloads/taglib-1.9.1/build/CMakeFiles/CMakeTmp'
/usr/local/bin/cmake -E cmake_progress_report /home/maria/Downloads/taglib-1.9.1/build/CMakeFiles/CMakeTmp/CMakeFiles 1
Building C object CMakeFiles/cmTryCompileExec2893480928.dir/SIZEOF_SHORT.c.o
/usr/bin/cc   -Wall    -o CMakeFiles/cmTryCompileExec2893480928.dir/SIZEOF_SHORT.c.o   -c /home/maria/Downloads/taglib-1.9.1/build/CMakeFiles/CheckTypeSize/SIZEOF_SHORT.c
Linking C executable cmTryCompileExec2893480928
/usr/local/bin/cmake -E cmake_link_script CMakeFiles/cmTryCompileExec2893480928.dir/link.txt --verbose=1
/usr/bin/cc   -Wall     CMakeFiles/cmTryCompileExec2893480928.dir/SIZEOF_SHORT.c.o  -o cmTryCompileExec2893480928 -rdynamic 
make[1]: Leaving directory `/home/maria/Downloads/taglib-1.9.1/build/CMakeFiles/CMakeTmp'


Determining size of int passed with the following output:
Change Dir: /home/maria/Downloads/taglib-1.9.1/build/CMakeFiles/CMakeTmp

Run Build Command:"/usr/bin/make" "cmTryCompileExec1197069989/fast"
/usr/bin/make -f CMakeFiles/cmTryCompileExec1197069989.dir/build.make CMakeFiles/cmTryCompileExec1197069989.dir/build
make[1]: Entering directory `/home/maria/Downloads/taglib-1.9.1/build/CMakeFiles/CMakeTmp'
/usr/local/bin/cmake -E cmake_progress_report /home/maria/Downloads/taglib-1.9.1/build/CMakeFiles/CMakeTmp/CMakeFiles 1
Building C object CMakeFiles/cmTryCompileExec1197069989.dir/SIZEOF_INT.c.o
/usr/bin/cc   -Wall    -o CMakeFiles/cmTryCompileExec1197069989.dir/SIZEOF_INT.c.o   -c /home/maria/Downloads/taglib-1.9.1/build/CMakeFiles/CheckTypeSize/SIZEOF_INT.c
Linking C executable cmTryCompileExec1197069989
/usr/local/bin/cmake -E cmake_link_script CMakeFiles/cmTryCompileExec1197069989.dir/link.txt --verbose=1
/usr/bin/cc   -Wall     CMakeFiles/cmTryCompileExec1197069989.dir/SIZEOF_INT.c.o  -o cmTryCompileExec1197069989 -rdynamic 
make[1]: Leaving directory `/home/maria/Downloads/taglib-1.9.1/build/CMakeFiles/CMakeTmp'


Determining size of long long passed with the following output:
Change Dir: /home/maria/Downloads/taglib-1.9.1/build/CMakeFiles/CMakeTmp

Run Build Command:"/usr/bin/make" "cmTryCompileExec4206662302/fast"
/usr/bin/make -f CMakeFiles/cmTryCompileExec4206662302.dir/build.make CMakeFiles/cmTryCompileExec4206662302.dir/build
make[1]: Entering directory `/home/maria/Downloads/taglib-1.9.1/build/CMakeFiles/CMakeTmp'
/usr/local/bin/cmake -E cmake_progress_report /home/maria/Downloads/taglib-1.9.1/build/CMakeFiles/CMakeTmp/CMakeFiles 1
Building C object CMakeFiles/cmTryCompileExec4206662302.dir/SIZEOF_LONGLONG.c.o
/usr/bin/cc   -Wall    -o CMakeFiles/cmTryCompileExec4206662302.dir/SIZEOF_LONGLONG.c.o   -c /home/maria/Downloads/taglib-1.9.1/build/CMakeFiles/CheckTypeSize/SIZEOF_LONGLONG.c
Linking C executable cmTryCompileExec4206662302
/usr/local/bin/cmake -E cmake_link_script CMakeFiles/cmTryCompileExec4206662302.dir/link.txt --verbose=1
/usr/bin/cc   -Wall     CMakeFiles/cmTryCompileExec4206662302.dir/SIZEOF_LONGLONG.c.o  -o cmTryCompileExec4206662302 -rdynamic 
make[1]: Leaving directory `/home/maria/Downloads/taglib-1.9.1/build/CMakeFiles/CMakeTmp'


Determining size of wchar_t passed with the following output:
Change Dir: /home/maria/Downloads/taglib-1.9.1/build/CMakeFiles/CMakeTmp

Run Build Command:"/usr/bin/make" "cmTryCompileExec2873416950/fast"
/usr/bin/make -f CMakeFiles/cmTryCompileExec2873416950.dir/build.make CMakeFiles/cmTryCompileExec2873416950.dir/build
make[1]: Entering directory `/home/maria/Downloads/taglib-1.9.1/build/CMakeFiles/CMakeTmp'
/usr/local/bin/cmake -E cmake_progress_report /home/maria/Downloads/taglib-1.9.1/build/CMakeFiles/CMakeTmp/CMakeFiles 1
Building C object CMakeFiles/cmTryCompileExec2873416950.dir/SIZEOF_WCHAR_T.c.o
/usr/bin/cc   -Wall    -o CMakeFiles/cmTryCompileExec2873416950.dir/SIZEOF_WCHAR_T.c.o   -c /home/maria/Downloads/taglib-1.9.1/build/CMakeFiles/CheckTypeSize/SIZEOF_WCHAR_T.c
Linking C executable cmTryCompileExec2873416950
/usr/local/bin/cmake -E cmake_link_script CMakeFiles/cmTryCompileExec2873416950.dir/link.txt --verbose=1
/usr/bin/cc   -Wall     CMakeFiles/cmTryCompileExec2873416950.dir/SIZEOF_WCHAR_T.c.o  -o cmTryCompileExec2873416950 -rdynamic 
make[1]: Leaving directory `/home/maria/Downloads/taglib-1.9.1/build/CMakeFiles/CMakeTmp'


Determining size of unsigned short passed with the following output:
Change Dir: /home/maria/Downloads/taglib-1.9.1/build/CMakeFiles/CMakeTmp

Run Build Command:"/usr/bin/make" "cmTryCompileExec3746177099/fast"
/usr/bin/make -f CMakeFiles/cmTryCompileExec3746177099.dir/build.make CMakeFiles/cmTryCompileExec3746177099.dir/build
make[1]: Entering directory `/home/maria/Downloads/taglib-1.9.1/build/CMakeFiles/CMakeTmp'
/usr/local/bin/cmake -E cmake_progress_report /home/maria/Downloads/taglib-1.9.1/build/CMakeFiles/CMakeTmp/CMakeFiles 1
Building C object CMakeFiles/cmTryCompileExec3746177099.dir/CMAKE_SIZEOF_UNSIGNED_SHORT.c.o
/usr/bin/cc   -Wall    -o CMakeFiles/cmTryCompileExec3746177099.dir/CMAKE_SIZEOF_UNSIGNED_SHORT.c.o   -c /home/maria/Downloads/taglib-1.9.1/build/CMakeFiles/CheckTypeSize/CMAKE_SIZEOF_UNSIGNED_SHORT.c
Linking C executable cmTryCompileExec3746177099
/usr/local/bin/cmake -E cmake_link_script CMakeFiles/cmTryCompileExec3746177099.dir/link.txt --verbose=1
/usr/bin/cc   -Wall     CMakeFiles/cmTryCompileExec3746177099.dir/CMAKE_SIZEOF_UNSIGNED_SHORT.c.o  -o cmTryCompileExec3746177099 -rdynamic 
make[1]: Leaving directory `/home/maria/Downloads/taglib-1.9.1/build/CMakeFiles/CMakeTmp'


Performing C++ SOURCE FILE Test HAVE_GCC_ATOMIC succeded with the following output:
Change Dir: /home/maria/Downloads/taglib-1.9.1/build/CMakeFiles/CMakeTmp

Run Build Command:"/usr/bin/make" "cmTryCompileExec1039093675/fast"
/usr/bin/make -f CMakeFiles/cmTryCompileExec1039093675.dir/build.make CMakeFiles/cmTryCompileExec1039093675.dir/build
make[1]: Entering directory `/home/maria/Downloads/taglib-1.9.1/build/CMakeFiles/CMakeTmp'
/usr/local/bin/cmake -E cmake_progress_report /home/maria/Downloads/taglib-1.9.1/build/CMakeFiles/CMakeTmp/CMakeFiles 1
Building CXX object CMakeFiles/cmTryCompileExec1039093675.dir/src.cxx.o
/usr/bin/c++    -Wall -DHAVE_GCC_ATOMIC   -o CMakeFiles/cmTryCompileExec1039093675.dir/src.cxx.o -c /home/maria/Downloads/taglib-1.9.1/build/CMakeFiles/CMakeTmp/src.cxx
/home/maria/Downloads/taglib-1.9.1/build/CMakeFiles/CMakeTmp/src.cxx: In function int main():
/home/maria/Downloads/taglib-1.9.1/build/CMakeFiles/CMakeTmp/src.cxx:5:13: warning: unused variable y [-Wunused-variable]
         int y = __sync_sub_and_fetch(&x, 1);
             ^
Linking CXX executable cmTryCompileExec1039093675
/usr/local/bin/cmake -E cmake_link_script CMakeFiles/cmTryCompileExec1039093675.dir/link.txt --verbose=1
/usr/bin/c++    -Wall -DHAVE_GCC_ATOMIC    CMakeFiles/cmTryCompileExec1039093675.dir/src.cxx.o  -o cmTryCompileExec1039093675 -rdynamic 
make[1]: Leaving directory `/home/maria/Downloads/taglib-1.9.1/build/CMakeFiles/CMakeTmp'

Source file was:

      int main() { 
        volatile int x;
        __sync_add_and_fetch(&x, 1);
        int y = __sync_sub_and_fetch(&x, 1);
        return 0; 
      }
    
Performing C++ SOURCE FILE Test HAVE_GCC_BYTESWAP_16 succeded with the following output:
Change Dir: /home/maria/Downloads/taglib-1.9.1/build/CMakeFiles/CMakeTmp

Run Build Command:"/usr/bin/make" "cmTryCompileExec3925453756/fast"
/usr/bin/make -f CMakeFiles/cmTryCompileExec3925453756.dir/build.make CMakeFiles/cmTryCompileExec3925453756.dir/build
make[1]: Entering directory `/home/maria/Downloads/taglib-1.9.1/build/CMakeFiles/CMakeTmp'
/usr/local/bin/cmake -E cmake_progress_report /home/maria/Downloads/taglib-1.9.1/build/CMakeFiles/CMakeTmp/CMakeFiles 1
Building CXX object CMakeFiles/cmTryCompileExec3925453756.dir/src.cxx.o
/usr/bin/c++    -Wall -DHAVE_GCC_BYTESWAP_16   -o CMakeFiles/cmTryCompileExec3925453756.dir/src.cxx.o -c /home/maria/Downloads/taglib-1.9.1/build/CMakeFiles/CMakeTmp/src.cxx
Linking CXX executable cmTryCompileExec3925453756
/usr/local/bin/cmake -E cmake_link_script CMakeFiles/cmTryCompileExec3925453756.dir/link.txt --verbose=1
/usr/bin/c++    -Wall -DHAVE_GCC_BYTESWAP_16    CMakeFiles/cmTryCompileExec3925453756.dir/src.cxx.o  -o cmTryCompileExec3925453756 -rdynamic 
make[1]: Leaving directory `/home/maria/Downloads/taglib-1.9.1/build/CMakeFiles/CMakeTmp'

Source file was:

  int main() {
    __builtin_bswap16(0);
    return 0; 
  }

Performing C++ SOURCE FILE Test HAVE_GCC_BYTESWAP_32 succeded with the following output:
Change Dir: /home/maria/Downloads/taglib-1.9.1/build/CMakeFiles/CMakeTmp

Run Build Command:"/usr/bin/make" "cmTryCompileExec971949214/fast"
/usr/bin/make -f CMakeFiles/cmTryCompileExec971949214.dir/build.make CMakeFiles/cmTryCompileExec971949214.dir/build
make[1]: Entering directory `/home/maria/Downloads/taglib-1.9.1/build/CMakeFiles/CMakeTmp'
/usr/local/bin/cmake -E cmake_progress_report /home/maria/Downloads/taglib-1.9.1/build/CMakeFiles/CMakeTmp/CMakeFiles 1
Building CXX object CMakeFiles/cmTryCompileExec971949214.dir/src.cxx.o
/usr/bin/c++    -Wall -DHAVE_GCC_BYTESWAP_32   -o CMakeFiles/cmTryCompileExec971949214.dir/src.cxx.o -c /home/maria/Downloads/taglib-1.9.1/build/CMakeFiles/CMakeTmp/src.cxx
Linking CXX executable cmTryCompileExec971949214
/usr/local/bin/cmake -E cmake_link_script CMakeFiles/cmTryCompileExec971949214.dir/link.txt --verbose=1
/usr/bin/c++    -Wall -DHAVE_GCC_BYTESWAP_32    CMakeFiles/cmTryCompileExec971949214.dir/src.cxx.o  -o cmTryCompileExec971949214 -rdynamic 
make[1]: Leaving directory `/home/maria/Downloads/taglib-1.9.1/build/CMakeFiles/CMakeTmp'

Source file was:

  int main() {
    __builtin_bswap32(0);
    return 0; 
  }

Performing C++ SOURCE FILE Test HAVE_GCC_BYTESWAP_64 succeded with the following output:
Change Dir: /home/maria/Downloads/taglib-1.9.1/build/CMakeFiles/CMakeTmp

Run Build Command:"/usr/bin/make" "cmTryCompileExec2592163393/fast"
/usr/bin/make -f CMakeFiles/cmTryCompileExec2592163393.dir/build.make CMakeFiles/cmTryCompileExec2592163393.dir/build
make[1]: Entering directory `/home/maria/Downloads/taglib-1.9.1/build/CMakeFiles/CMakeTmp'
/usr/local/bin/cmake -E cmake_progress_report /home/maria/Downloads/taglib-1.9.1/build/CMakeFiles/CMakeTmp/CMakeFiles 1
Building CXX object CMakeFiles/cmTryCompileExec2592163393.dir/src.cxx.o
/usr/bin/c++    -Wall -DHAVE_GCC_BYTESWAP_64   -o CMakeFiles/cmTryCompileExec2592163393.dir/src.cxx.o -c /home/maria/Downloads/taglib-1.9.1/build/CMakeFiles/CMakeTmp/src.cxx
Linking CXX executable cmTryCompileExec2592163393
/usr/local/bin/cmake -E cmake_link_script CMakeFiles/cmTryCompileExec2592163393.dir/link.txt --verbose=1
/usr/bin/c++    -Wall -DHAVE_GCC_BYTESWAP_64    CMakeFiles/cmTryCompileExec2592163393.dir/src.cxx.o  -o cmTryCompileExec2592163393 -rdynamic 
make[1]: Leaving directory `/home/maria/Downloads/taglib-1.9.1/build/CMakeFiles/CMakeTmp'

Source file was:

  int main() {
    __builtin_bswap64(0);
    return 0; 
  }

Performing C++ SOURCE FILE Test HAVE_SNPRINTF succeded with the following output:
Change Dir: /home/maria/Downloads/taglib-1.9.1/build/CMakeFiles/CMakeTmp

Run Build Command:"/usr/bin/make" "cmTryCompileExec1978501915/fast"
/usr/bin/make -f CMakeFiles/cmTryCompileExec1978501915.dir/build.make CMakeFiles/cmTryCompileExec1978501915.dir/build
make[1]: Entering directory `/home/maria/Downloads/taglib-1.9.1/build/CMakeFiles/CMakeTmp'
/usr/local/bin/cmake -E cmake_progress_report /home/maria/Downloads/taglib-1.9.1/build/CMakeFiles/CMakeTmp/CMakeFiles 1
Building CXX object CMakeFiles/cmTryCompileExec1978501915.dir/src.cxx.o
/usr/bin/c++    -Wall -DHAVE_SNPRINTF   -o CMakeFiles/cmTryCompileExec1978501915.dir/src.cxx.o -c /home/maria/Downloads/taglib-1.9.1/build/CMakeFiles/CMakeTmp/src.cxx
Linking CXX executable cmTryCompileExec1978501915
/usr/local/bin/cmake -E cmake_link_script CMakeFiles/cmTryCompileExec1978501915.dir/link.txt --verbose=1
/usr/bin/c++    -Wall -DHAVE_SNPRINTF    CMakeFiles/cmTryCompileExec1978501915.dir/src.cxx.o  -o cmTryCompileExec1978501915 -rdynamic 
make[1]: Leaving directory `/home/maria/Downloads/taglib-1.9.1/build/CMakeFiles/CMakeTmp'

Source file was:

  #include <cstdio>
  int main() { char buf[20]; snprintf(buf, 20, "%d", 1); return 0; }

