Determining if the system is big endian passed with the following output:
Change Dir: /home/maria/Downloads/taglib-1.9.1/build/CMakeFiles/CMakeTmp

Run Build Command:"/usr/bin/make" "cmTryCompileExec2263235624/fast"
/usr/bin/make -f CMakeFiles/cmTryCompileExec2263235624.dir/build.make CMakeFiles/cmTryCompileExec2263235624.dir/build
make[1]: Entering directory `/home/maria/Downloads/taglib-1.9.1/build/CMakeFiles/CMakeTmp'
/usr/local/bin/cmake -E cmake_progress_report /home/maria/Downloads/taglib-1.9.1/build/CMakeFiles/CMakeTmp/CMakeFiles 1
Building C object CMakeFiles/cmTryCompileExec2263235624.dir/TestEndianess.c.o
/usr/bin/cc   -Wall    -o CMakeFiles/cmTryCompileExec2263235624.dir/TestEndianess.c.o   -c /home/maria/Downloads/taglib-1.9.1/build/CMakeFiles/CMakeTmp/TestEndianess.c
Linking C executable cmTryCompileExec2263235624
/usr/local/bin/cmake -E cmake_link_script CMakeFiles/cmTryCompileExec2263235624.dir/link.txt --verbose=1
/usr/bin/cc   -Wall     CMakeFiles/cmTryCompileExec2263235624.dir/TestEndianess.c.o  -o cmTryCompileExec2263235624 -rdynamic 
make[1]: Leaving directory `/home/maria/Downloads/taglib-1.9.1/build/CMakeFiles/CMakeTmp'

TestEndianess.c:
/* A 16 bit integer is required. */
typedef unsigned short cmakeint16;

/* On a little endian machine, these 16bit ints will give "THIS IS LITTLE ENDIAN."
   On a big endian machine the characters will be exchanged pairwise. */
const cmakeint16 info_little[] =  {0x4854, 0x5349, 0x4920, 0x2053, 0x494c, 0x5454, 0x454c, 0x4520, 0x444e, 0x4149, 0x2e4e, 0x0000};

/* on a big endian machine, these 16bit ints will give "THIS IS BIG ENDIAN."
   On a little endian machine the characters will be exchanged pairwise. */
const cmakeint16 info_big[] =     {0x5448, 0x4953, 0x2049, 0x5320, 0x4249, 0x4720, 0x454e, 0x4449, 0x414e, 0x2e2e, 0x0000};

#ifdef __CLASSIC_C__
int main(argc, argv) int argc; char *argv[];
#else
int main(int argc, char *argv[])
#endif
{
  int require = 0;
  require += info_little[argc];
  require += info_big[argc];
  (void)argv;
  return require;
}


Performing C++ SOURCE FILE Test HAVE_STD_ATOMIC failed with the following output:
Change Dir: /home/maria/Downloads/taglib-1.9.1/build/CMakeFiles/CMakeTmp

Run Build Command:"/usr/bin/make" "cmTryCompileExec3640944434/fast"
/usr/bin/make -f CMakeFiles/cmTryCompileExec3640944434.dir/build.make CMakeFiles/cmTryCompileExec3640944434.dir/build
make[1]: Entering directory `/home/maria/Downloads/taglib-1.9.1/build/CMakeFiles/CMakeTmp'
/usr/local/bin/cmake -E cmake_progress_report /home/maria/Downloads/taglib-1.9.1/build/CMakeFiles/CMakeTmp/CMakeFiles 1
Building CXX object CMakeFiles/cmTryCompileExec3640944434.dir/src.cxx.o
/usr/bin/c++    -Wall -DHAVE_STD_ATOMIC   -o CMakeFiles/cmTryCompileExec3640944434.dir/src.cxx.o -c /home/maria/Downloads/taglib-1.9.1/build/CMakeFiles/CMakeTmp/src.cxx
In file included from /usr/include/c++/4.9/atomic:38:0,
                 from /home/maria/Downloads/taglib-1.9.1/build/CMakeFiles/CMakeTmp/src.cxx:2:
/usr/include/c++/4.9/bits/c++0x_warning.h:32:2: error: #error This file requires compiler and library support for the ISO C++ 2011 standard. This support is currently experimental, and must be enabled with the -std=c++11 or -std=gnu++11 compiler options.
 #error This file requires compiler and library support for the \
  ^
In file included from /usr/include/c++/4.9/atomic:41:0,
                 from /home/maria/Downloads/taglib-1.9.1/build/CMakeFiles/CMakeTmp/src.cxx:2:
/usr/include/c++/4.9/bits/atomic_base.h:74:3: error: ‘constexpr’ does not name a type
   constexpr memory_order
   ^
/usr/include/c++/4.9/bits/atomic_base.h:74:3: note: C++11 ‘constexpr’ only available with -std=c++11 or -std=gnu++11
/usr/include/c++/4.9/bits/atomic_base.h:80:3: error: ‘constexpr’ does not name a type
   constexpr memory_order
   ^
/usr/include/c++/4.9/bits/atomic_base.h:80:3: note: C++11 ‘constexpr’ only available with -std=c++11 or -std=gnu++11
/usr/include/c++/4.9/bits/atomic_base.h:87:3: error: ‘constexpr’ does not name a type
   constexpr memory_order
   ^
/usr/include/c++/4.9/bits/atomic_base.h:87:3: note: C++11 ‘constexpr’ only available with -std=c++11 or -std=gnu++11
/usr/include/c++/4.9/bits/atomic_base.h:94:3: error: ‘constexpr’ does not name a type
   constexpr memory_order
   ^
/usr/include/c++/4.9/bits/atomic_base.h:94:3: note: C++11 ‘constexpr’ only available with -std=c++11 or -std=gnu++11
/usr/include/c++/4.9/bits/atomic_base.h:102:41: error: expected initializer before ‘noexcept’
   atomic_thread_fence(memory_order __m) noexcept
                                         ^
/usr/include/c++/4.9/bits/atomic_base.h:106:41: error: expected initializer before ‘noexcept’
   atomic_signal_fence(memory_order __m) noexcept
                                         ^
/usr/include/c++/4.9/bits/atomic_base.h:112:30: error: expected initializer before ‘noexcept’
     kill_dependency(_Tp __y) noexcept
                              ^
/usr/include/c++/4.9/bits/atomic_base.h:160:25: error: ‘char16_t’ was not declared in this scope
   typedef __atomic_base<char16_t>    atomic_char16_t;
                         ^
/usr/include/c++/4.9/bits/atomic_base.h:160:33: error: template argument 1 is invalid
   typedef __atomic_base<char16_t>    atomic_char16_t;
                                 ^
/usr/include/c++/4.9/bits/atomic_base.h:160:53: error: invalid type in declaration before ‘;’ token
   typedef __atomic_base<char16_t>    atomic_char16_t;
                                                     ^
/usr/include/c++/4.9/bits/atomic_base.h:163:25: error: ‘char32_t’ was not declared in this scope
   typedef __atomic_base<char32_t>    atomic_char32_t;
                         ^
/usr/include/c++/4.9/bits/atomic_base.h:163:33: error: template argument 1 is invalid
   typedef __atomic_base<char32_t>    atomic_char32_t;
                                 ^
/usr/include/c++/4.9/bits/atomic_base.h:163:53: error: invalid type in declaration before ‘;’ token
   typedef __atomic_base<char32_t>    atomic_char32_t;
                                                     ^
/usr/include/c++/4.9/bits/atomic_base.h:166:25: error: ‘char32_t’ was not declared in this scope
   typedef __atomic_base<char32_t>    atomic_char32_t;
                         ^
/usr/include/c++/4.9/bits/atomic_base.h:166:33: error: template argument 1 is invalid
   typedef __atomic_base<char32_t>    atomic_char32_t;
                                 ^
/usr/include/c++/4.9/bits/atomic_base.h:166:53: error: invalid type in declaration before ‘;’ token
   typedef __atomic_base<char32_t>    atomic_char32_t;
                                                     ^
/usr/include/c++/4.9/bits/atomic_base.h:277:17: error: expected ‘;’ at end of member declaration
     atomic_flag() noexcept = default;
                 ^
/usr/include/c++/4.9/bits/atomic_base.h:277:19: error: ‘noexcept’ does not name a type
     atomic_flag() noexcept = default;
                   ^
/usr/include/c++/4.9/bits/atomic_base.h:278:18: error: expected ‘;’ at end of member declaration
     ~atomic_flag() noexcept = default;
                  ^
/usr/include/c++/4.9/bits/atomic_base.h:278:20: error: ‘noexcept’ does not name a type
     ~atomic_flag() noexcept = default;
                    ^
/usr/include/c++/4.9/bits/atomic_base.h:284:5: error: ‘constexpr’ does not name a type
     constexpr atomic_flag(bool __i) noexcept
     ^
/usr/include/c++/4.9/bits/atomic_base.h:284:5: note: C++11 ‘constexpr’ only available with -std=c++11 or -std=gnu++11
/usr/include/c++/4.9/bits/atomic_base.h:286:5: error: expected unqualified-id before ‘{’ token
     { }
     ^
/usr/include/c++/4.9/bits/atomic_base.h:289:57: error: expected ‘;’ at end of member declaration
     test_and_set(memory_order __m = memory_order_seq_cst) noexcept
                                                         ^
/usr/include/c++/4.9/bits/atomic_base.h:289:59: error: ‘noexcept’ does not name a type
     test_and_set(memory_order __m = memory_order_seq_cst) noexcept
                                                           ^
/usr/include/c++/4.9/bits/atomic_base.h:295:59: error: expected ‘;’ at end of member declaration
     test_and_set(memory_order __m = memory_order_seq_cst) volatile noexcept
                                                           ^
/usr/include/c++/4.9/bits/atomic_base.h:295:68: error: ‘noexcept’ does not name a type
     test_and_set(memory_order __m = memory_order_seq_cst) volatile noexcept
                                                                    ^
/usr/include/c++/4.9/bits/atomic_base.h:301:50: error: expected ‘;’ at end of member declaration
     clear(memory_order __m = memory_order_seq_cst) noexcept
                                                  ^
/usr/include/c++/4.9/bits/atomic_base.h:301:52: error: ‘noexcept’ does not name a type
     clear(memory_order __m = memory_order_seq_cst) noexcept
                                                    ^
/usr/include/c++/4.9/bits/atomic_base.h:312:52: error: expected ‘;’ at end of member declaration
     clear(memory_order __m = memory_order_seq_cst) volatile noexcept
                                                    ^
/usr/include/c++/4.9/bits/atomic_base.h:312:61: error: ‘noexcept’ does not name a type
     clear(memory_order __m = memory_order_seq_cst) volatile noexcept
                                                             ^
/usr/include/c++/4.9/bits/atomic_base.h:323:12: error: ‘constexpr’ does not name a type
     static constexpr __atomic_flag_data_type
            ^
/usr/include/c++/4.9/bits/atomic_base.h:323:12: note: C++11 ‘constexpr’ only available with -std=c++11 or -std=gnu++11
/usr/include/c++/4.9/bits/atomic_base.h:361:21: error: expected ‘;’ at end of member declaration
       __atomic_base() noexcept = default;
                     ^
/usr/include/c++/4.9/bits/atomic_base.h:361:23: error: ‘noexcept’ does not name a type
       __atomic_base() noexcept = default;
                       ^
/usr/include/c++/4.9/bits/atomic_base.h:362:22: error: expected ‘;’ at end of member declaration
       ~__atomic_base() noexcept = default;
                      ^
/usr/include/c++/4.9/bits/atomic_base.h:362:24: error: ‘noexcept’ does not name a type
       ~__atomic_base() noexcept = default;
                        ^
/usr/include/c++/4.9/bits/atomic_base.h:368:7: error: ‘constexpr’ does not name a type
       constexpr __atomic_base(__int_type __i) noexcept : _M_i (__i) { }
       ^
/usr/include/c++/4.9/bits/atomic_base.h:368:7: note: C++11 ‘constexpr’ only available with -std=c++11 or -std=gnu++11
/usr/include/c++/4.9/bits/atomic_base.h:370:29: error: expected ‘;’ at end of member declaration
       operator __int_type() const noexcept
                             ^
/usr/include/c++/4.9/bits/atomic_base.h:370:35: error: ‘noexcept’ does not name a type
       operator __int_type() const noexcept
                                   ^
/usr/include/c++/4.9/bits/atomic_base.h:373:35: error: expected ‘;’ at end of member declaration
       operator __int_type() const volatile noexcept
                                   ^
/usr/include/c++/4.9/bits/atomic_base.h:373:44: error: ‘noexcept’ does not name a type
       operator __int_type() const volatile noexcept
                                            ^
/usr/include/c++/4.9/bits/atomic_base.h:377:31: error: expected ‘;’ at end of member declaration
       operator=(__int_type __i) noexcept
                               ^
/usr/include/c++/4.9/bits/atomic_base.h:377:33: error: ‘noexcept’ does not name a type
       operator=(__int_type __i) noexcept
                                 ^
/usr/include/c++/4.9/bits/atomic_base.h:384:33: error: expected ‘;’ at end of member declaration
       operator=(__int_type __i) volatile noexcept
                                 ^
/usr/include/c++/4.9/bits/atomic_base.h:384:42: error: ‘noexcept’ does not name a type
       operator=(__int_type __i) volatile noexcept
                                          ^
/usr/include/c++/4.9/bits/atomic_base.h:391:21: error: expected ‘;’ at end of member declaration
       operator++(int) noexcept
                     ^
/usr/include/c++/4.9/bits/atomic_base.h:391:23: error: ‘noexcept’ does not name a type
       operator++(int) noexcept
                       ^
/usr/include/c++/4.9/bits/atomic_base.h:395:23: error: expected ‘;’ at end of member declaration
       operator++(int) volatile noexcept
                       ^
/usr/include/c++/4.9/bits/atomic_base.h:395:32: error: ‘noexcept’ does not name a type
       operator++(int) volatile noexcept
                                ^
/usr/include/c++/4.9/bits/atomic_base.h:399:21: error: expected ‘;’ at end of member declaration
       operator--(int) noexcept
                     ^
/usr/include/c++/4.9/bits/atomic_base.h:399:23: error: ‘noexcept’ does not name a type
       operator--(int) noexcept
                       ^
/usr/include/c++/4.9/bits/atomic_base.h:403:23: error: expected ‘;’ at end of member declaration
       operator--(int) volatile noexcept
                       ^
/usr/include/c++/4.9/bits/atomic_base.h:403:32: error: ‘noexcept’ does not name a type
       operator--(int) volatile noexcept
                                ^
/usr/include/c++/4.9/bits/atomic_base.h:407:18: error: expected ‘;’ at end of member declaration
       operator++() noexcept
                  ^
/usr/include/c++/4.9/bits/atomic_base.h:407:20: error: ‘noexcept’ does not name a type
       operator++() noexcept
                    ^
/usr/include/c++/4.9/bits/atomic_base.h:411:20: error: expected ‘;’ at end of member declaration
       operator++() volatile noexcept
                    ^
/usr/include/c++/4.9/bits/atomic_base.h:411:29: error: ‘noexcept’ does not name a type
       operator++() volatile noexcept
                             ^
/usr/include/c++/4.9/bits/atomic_base.h:415:18: error: expected ‘;’ at end of member declaration
       operator--() noexcept
                  ^
/usr/include/c++/4.9/bits/atomic_base.h:415:20: error: ‘noexcept’ does not name a type
       operator--() noexcept
                    ^
/usr/include/c++/4.9/bits/atomic_base.h:419:20: error: expected ‘;’ at end of member declaration
       operator--() volatile noexcept
                    ^
/usr/include/c++/4.9/bits/atomic_base.h:419:29: error: ‘noexcept’ does not name a type
       operator--() volatile noexcept
                             ^
/usr/include/c++/4.9/bits/atomic_base.h:423:32: error: expected ‘;’ at end of member declaration
       operator+=(__int_type __i) noexcept
                                ^
/usr/include/c++/4.9/bits/atomic_base.h:423:34: error: ‘noexcept’ does not name a type
       operator+=(__int_type __i) noexcept
                                  ^
/usr/include/c++/4.9/bits/atomic_base.h:427:34: error: expected ‘;’ at end of member declaration
       operator+=(__int_type __i) volatile noexcept
                                  ^
/usr/include/c++/4.9/bits/atomic_base.h:427:43: error: ‘noexcept’ does not name a type
       operator+=(__int_type __i) volatile noexcept
                                           ^
/usr/include/c++/4.9/bits/atomic_base.h:431:32: error: expected ‘;’ at end of member declaration
       operator-=(__int_type __i) noexcept
                                ^
/usr/include/c++/4.9/bits/atomic_base.h:431:34: error: ‘noexcept’ does not name a type
       operator-=(__int_type __i) noexcept
                                  ^
/usr/include/c++/4.9/bits/atomic_base.h:435:34: error: expected ‘;’ at end of member declaration
       operator-=(__int_type __i) volatile noexcept
                                  ^
/usr/include/c++/4.9/bits/atomic_base.h:435:43: error: ‘noexcept’ does not name a type
       operator-=(__int_type __i) volatile noexcept
                                           ^
/usr/include/c++/4.9/bits/atomic_base.h:439:32: error: expected ‘;’ at end of member declaration
       operator&=(__int_type __i) noexcept
                                ^
/usr/include/c++/4.9/bits/atomic_base.h:439:34: error: ‘noexcept’ does not name a type
       operator&=(__int_type __i) noexcept
                                  ^
/usr/include/c++/4.9/bits/atomic_base.h:443:34: error: expected ‘;’ at end of member declaration
       operator&=(__int_type __i) volatile noexcept
                                  ^
/usr/include/c++/4.9/bits/atomic_base.h:443:43: error: ‘noexcept’ does not name a type
       operator&=(__int_type __i) volatile noexcept
                                           ^
/usr/include/c++/4.9/bits/atomic_base.h:447:32: error: expected ‘;’ at end of member declaration
       operator|=(__int_type __i) noexcept
                                ^
/usr/include/c++/4.9/bits/atomic_base.h:447:34: error: ‘noexcept’ does not name a type
       operator|=(__int_type __i) noexcept
                                  ^
/usr/include/c++/4.9/bits/atomic_base.h:451:34: error: expected ‘;’ at end of member declaration
       operator|=(__int_type __i) volatile noexcept
                                  ^
/usr/include/c++/4.9/bits/atomic_base.h:451:43: error: ‘noexcept’ does not name a type
       operator|=(__int_type __i) volatile noexcept
                                           ^
/usr/include/c++/4.9/bits/atomic_base.h:455:32: error: expected ‘;’ at end of member declaration
       operator^=(__int_type __i) noexcept
                                ^
/usr/include/c++/4.9/bits/atomic_base.h:455:34: error: ‘noexcept’ does not name a type
       operator^=(__int_type __i) noexcept
                                  ^
/usr/include/c++/4.9/bits/atomic_base.h:459:34: error: expected ‘;’ at end of member declaration
       operator^=(__int_type __i) volatile noexcept
                                  ^
/usr/include/c++/4.9/bits/atomic_base.h:459:43: error: ‘noexcept’ does not name a type
       operator^=(__int_type __i) volatile noexcept
                                           ^
/usr/include/c++/4.9/bits/atomic_base.h:463:22: error: expected ‘;’ at end of member declaration
       is_lock_free() const noexcept
                      ^
/usr/include/c++/4.9/bits/atomic_base.h:463:28: error: ‘noexcept’ does not name a type
       is_lock_free() const noexcept
                            ^
/usr/include/c++/4.9/bits/atomic_base.h:467:28: error: expected ‘;’ at end of member declaration
       is_lock_free() const volatile noexcept
                            ^
/usr/include/c++/4.9/bits/atomic_base.h:467:37: error: ‘noexcept’ does not name a type
       is_lock_free() const volatile noexcept
                                     ^
/usr/include/c++/4.9/bits/atomic_base.h:471:68: error: expected ‘;’ at end of member declaration
       store(__int_type __i, memory_order __m = memory_order_seq_cst) noexcept
                                                                    ^
/usr/include/c++/4.9/bits/atomic_base.h:471:70: error: ‘noexcept’ does not name a type
       store(__int_type __i, memory_order __m = memory_order_seq_cst) noexcept
                                                                      ^
/usr/include/c++/4.9/bits/atomic_base.h:483:47: error: expected ‘;’ at end of member declaration
      memory_order __m = memory_order_seq_cst) volatile noexcept
                                               ^
/usr/include/c++/4.9/bits/atomic_base.h:483:56: error: ‘noexcept’ does not name a type
      memory_order __m = memory_order_seq_cst) volatile noexcept
                                                        ^
/usr/include/c++/4.9/bits/atomic_base.h:494:53: error: expected ‘;’ at end of member declaration
       load(memory_order __m = memory_order_seq_cst) const noexcept
                                                     ^
/usr/include/c++/4.9/bits/atomic_base.h:494:59: error: ‘noexcept’ does not name a type
       load(memory_order __m = memory_order_seq_cst) const noexcept
                                                           ^
/usr/include/c++/4.9/bits/atomic_base.h:504:59: error: expected ‘;’ at end of member declaration
       load(memory_order __m = memory_order_seq_cst) const volatile noexcept
                                                           ^
/usr/include/c++/4.9/bits/atomic_base.h:504:68: error: ‘noexcept’ does not name a type
       load(memory_order __m = memory_order_seq_cst) const volatile noexcept
                                                                    ^
/usr/include/c++/4.9/bits/atomic_base.h:515:48: error: expected ‘;’ at end of member declaration
         memory_order __m = memory_order_seq_cst) noexcept
                                                ^
/usr/include/c++/4.9/bits/atomic_base.h:515:50: error: ‘noexcept’ does not name a type
         memory_order __m = memory_order_seq_cst) noexcept
                                                  ^
/usr/include/c++/4.9/bits/atomic_base.h:523:50: error: expected ‘;’ at end of member declaration
         memory_order __m = memory_order_seq_cst) volatile noexcept
                                                  ^
/usr/include/c++/4.9/bits/atomic_base.h:523:59: error: ‘noexcept’ does not name a type
         memory_order __m = memory_order_seq_cst) volatile noexcept
                                                           ^
/usr/include/c++/4.9/bits/atomic_base.h:530:44: error: expected ‘;’ at end of member declaration
        memory_order __m1, memory_order __m2) noexcept
                                            ^
/usr/include/c++/4.9/bits/atomic_base.h:530:46: error: ‘noexcept’ does not name a type
        memory_order __m1, memory_order __m2) noexcept
                                              ^
/usr/include/c++/4.9/bits/atomic_base.h:544:27: error: expected ‘;’ at end of member declaration
        memory_order __m2) volatile noexcept
                           ^
/usr/include/c++/4.9/bits/atomic_base.h:544:36: error: ‘noexcept’ does not name a type
        memory_order __m2) volatile noexcept
                                    ^
/usr/include/c++/4.9/bits/atomic_base.h:557:47: error: expected ‘;’ at end of member declaration
        memory_order __m = memory_order_seq_cst) noexcept
                                               ^
/usr/include/c++/4.9/bits/atomic_base.h:557:49: error: ‘noexcept’ does not name a type
        memory_order __m = memory_order_seq_cst) noexcept
                                                 ^
/usr/include/c++/4.9/bits/atomic_base.h:565:47: error: expected ‘;’ at end of member declaration
      memory_order __m = memory_order_seq_cst) volatile noexcept
                                               ^
/usr/include/c++/4.9/bits/atomic_base.h:565:56: error: ‘noexcept’ does not name a type
      memory_order __m = memory_order_seq_cst) volatile noexcept
                                                        ^
/usr/include/c++/4.9/bits/atomic_base.h:573:46: error: expected ‘;’ at end of member declaration
          memory_order __m1, memory_order __m2) noexcept
                                              ^
/usr/include/c++/4.9/bits/atomic_base.h:573:48: error: ‘noexcept’ does not name a type
          memory_order __m1, memory_order __m2) noexcept
                                                ^
/usr/include/c++/4.9/bits/atomic_base.h:587:29: error: expected ‘;’ at end of member declaration
          memory_order __m2) volatile noexcept
                             ^
/usr/include/c++/4.9/bits/atomic_base.h:587:38: error: ‘noexcept’ does not name a type
          memory_order __m2) volatile noexcept
                                      ^
/usr/include/c++/4.9/bits/atomic_base.h:601:49: error: expected ‘;’ at end of member declaration
          memory_order __m = memory_order_seq_cst) noexcept
                                                 ^
/usr/include/c++/4.9/bits/atomic_base.h:601:51: error: ‘noexcept’ does not name a type
          memory_order __m = memory_order_seq_cst) noexcept
                                                   ^
/usr/include/c++/4.9/bits/atomic_base.h:609:45: error: expected ‘;’ at end of member declaration
    memory_order __m = memory_order_seq_cst) volatile noexcept
                                             ^
/usr/include/c++/4.9/bits/atomic_base.h:609:54: error: ‘noexcept’ does not name a type
    memory_order __m = memory_order_seq_cst) volatile noexcept
                                                      ^
/usr/include/c++/4.9/bits/atomic_base.h:617:42: error: expected ‘;’ at end of member declaration
   memory_order __m = memory_order_seq_cst) noexcept
                                          ^
/usr/include/c++/4.9/bits/atomic_base.h:617:44: error: ‘noexcept’ does not name a type
   memory_order __m = memory_order_seq_cst) noexcept
                                            ^
/usr/include/c++/4.9/bits/atomic_base.h:622:44: error: expected ‘;’ at end of member declaration
   memory_order __m = memory_order_seq_cst) volatile noexcept
                                            ^
/usr/include/c++/4.9/bits/atomic_base.h:622:53: error: ‘noexcept’ does not name a type
   memory_order __m = memory_order_seq_cst) volatile noexcept
                                                     ^
/usr/include/c++/4.9/bits/atomic_base.h:627:42: error: expected ‘;’ at end of member declaration
   memory_order __m = memory_order_seq_cst) noexcept
                                          ^
/usr/include/c++/4.9/bits/atomic_base.h:627:44: error: ‘noexcept’ does not name a type
   memory_order __m = memory_order_seq_cst) noexcept
                                            ^
/usr/include/c++/4.9/bits/atomic_base.h:632:44: error: expected ‘;’ at end of member declaration
   memory_order __m = memory_order_seq_cst) volatile noexcept
                                            ^
/usr/include/c++/4.9/bits/atomic_base.h:632:53: error: ‘noexcept’ does not name a type
   memory_order __m = memory_order_seq_cst) volatile noexcept
                                                     ^
/usr/include/c++/4.9/bits/atomic_base.h:637:42: error: expected ‘;’ at end of member declaration
   memory_order __m = memory_order_seq_cst) noexcept
                                          ^
/usr/include/c++/4.9/bits/atomic_base.h:637:44: error: ‘noexcept’ does not name a type
   memory_order __m = memory_order_seq_cst) noexcept
                                            ^
/usr/include/c++/4.9/bits/atomic_base.h:642:44: error: expected ‘;’ at end of member declaration
   memory_order __m = memory_order_seq_cst) volatile noexcept
                                            ^
/usr/include/c++/4.9/bits/atomic_base.h:642:53: error: ‘noexcept’ does not name a type
   memory_order __m = memory_order_seq_cst) volatile noexcept
                                                     ^
/usr/include/c++/4.9/bits/atomic_base.h:647:48: error: expected ‘;’ at end of member declaration
         memory_order __m = memory_order_seq_cst) noexcept
                                                ^
/usr/include/c++/4.9/bits/atomic_base.h:647:50: error: ‘noexcept’ does not name a type
         memory_order __m = memory_order_seq_cst) noexcept
                                                  ^
/usr/include/c++/4.9/bits/atomic_base.h:652:50: error: expected ‘;’ at end of member declaration
         memory_order __m = memory_order_seq_cst) volatile noexcept
                                                  ^
/usr/include/c++/4.9/bits/atomic_base.h:652:59: error: ‘noexcept’ does not name a type
         memory_order __m = memory_order_seq_cst) volatile noexcept
                                                           ^
/usr/include/c++/4.9/bits/atomic_base.h:657:42: error: expected ‘;’ at end of member declaration
   memory_order __m = memory_order_seq_cst) noexcept
                                          ^
/usr/include/c++/4.9/bits/atomic_base.h:657:44: error: ‘noexcept’ does not name a type
   memory_order __m = memory_order_seq_cst) noexcept
                                            ^
/usr/include/c++/4.9/bits/atomic_base.h:662:44: error: expected ‘;’ at end of member declaration
   memory_order __m = memory_order_seq_cst) volatile noexcept
                                            ^
/usr/include/c++/4.9/bits/atomic_base.h:662:53: error: ‘noexcept’ does not name a type
   memory_order __m = memory_order_seq_cst) volatile noexcept
                                                     ^
/usr/include/c++/4.9/bits/atomic_base.h:677:7: error: ‘constexpr’ does not name a type
       constexpr ptrdiff_t
       ^
/usr/include/c++/4.9/bits/atomic_base.h:677:7: note: C++11 ‘constexpr’ only available with -std=c++11 or -std=gnu++11
/usr/include/c++/4.9/bits/atomic_base.h:680:7: error: ‘constexpr’ does not name a type
       constexpr ptrdiff_t
       ^
/usr/include/c++/4.9/bits/atomic_base.h:680:7: note: C++11 ‘constexpr’ only available with -std=c++11 or -std=gnu++11
/usr/include/c++/4.9/bits/atomic_base.h:684:21: error: expected ‘;’ at end of member declaration
       __atomic_base() noexcept = default;
                     ^
/usr/include/c++/4.9/bits/atomic_base.h:684:23: error: ‘noexcept’ does not name a type
       __atomic_base() noexcept = default;
                       ^
/usr/include/c++/4.9/bits/atomic_base.h:685:22: error: expected ‘;’ at end of member declaration
       ~__atomic_base() noexcept = default;
                      ^
/usr/include/c++/4.9/bits/atomic_base.h:685:24: error: ‘noexcept’ does not name a type
       ~__atomic_base() noexcept = default;
                        ^
/usr/include/c++/4.9/bits/atomic_base.h:691:7: error: ‘constexpr’ does not name a type
       constexpr __atomic_base(__pointer_type __p) noexcept : _M_p (__p) { }
       ^
/usr/include/c++/4.9/bits/atomic_base.h:691:7: note: C++11 ‘constexpr’ only available with -std=c++11 or -std=gnu++11
/usr/include/c++/4.9/bits/atomic_base.h:693:33: error: expected ‘;’ at end of member declaration
       operator __pointer_type() const noexcept
                                 ^
/usr/include/c++/4.9/bits/atomic_base.h:693:39: error: ‘noexcept’ does not name a type
       operator __pointer_type() const noexcept
                                       ^
/usr/include/c++/4.9/bits/atomic_base.h:696:39: error: expected ‘;’ at end of member declaration
       operator __pointer_type() const volatile noexcept
                                       ^
/usr/include/c++/4.9/bits/atomic_base.h:696:48: error: ‘noexcept’ does not name a type
       operator __pointer_type() const volatile noexcept
                                                ^
/usr/include/c++/4.9/bits/atomic_base.h:700:35: error: expected ‘;’ at end of member declaration
       operator=(__pointer_type __p) noexcept
                                   ^
/usr/include/c++/4.9/bits/atomic_base.h:700:37: error: ‘noexcept’ does not name a type
       operator=(__pointer_type __p) noexcept
                                     ^
/usr/include/c++/4.9/bits/atomic_base.h:707:37: error: expected ‘;’ at end of member declaration
       operator=(__pointer_type __p) volatile noexcept
                                     ^
/usr/include/c++/4.9/bits/atomic_base.h:707:46: error: ‘noexcept’ does not name a type
       operator=(__pointer_type __p) volatile noexcept
                                              ^
/usr/include/c++/4.9/bits/atomic_base.h:714:21: error: expected ‘;’ at end of member declaration
       operator++(int) noexcept
                     ^
/usr/include/c++/4.9/bits/atomic_base.h:714:23: error: ‘noexcept’ does not name a type
       operator++(int) noexcept
                       ^
/usr/include/c++/4.9/bits/atomic_base.h:718:23: error: expected ‘;’ at end of member declaration
       operator++(int) volatile noexcept
                       ^
/usr/include/c++/4.9/bits/atomic_base.h:718:32: error: ‘noexcept’ does not name a type
       operator++(int) volatile noexcept
                                ^
/usr/include/c++/4.9/bits/atomic_base.h:722:21: error: expected ‘;’ at end of member declaration
       operator--(int) noexcept
                     ^
/usr/include/c++/4.9/bits/atomic_base.h:722:23: error: ‘noexcept’ does not name a type
       operator--(int) noexcept
                       ^
/usr/include/c++/4.9/bits/atomic_base.h:726:23: error: expected ‘;’ at end of member declaration
       operator--(int) volatile noexcept
                       ^
/usr/include/c++/4.9/bits/atomic_base.h:726:32: error: ‘noexcept’ does not name a type
       operator--(int) volatile noexcept
                                ^
/usr/include/c++/4.9/bits/atomic_base.h:730:18: error: expected ‘;’ at end of member declaration
       operator++() noexcept
                  ^
/usr/include/c++/4.9/bits/atomic_base.h:730:20: error: ‘noexcept’ does not name a type
       operator++() noexcept
                    ^
/usr/include/c++/4.9/bits/atomic_base.h:735:20: error: expected ‘;’ at end of member declaration
       operator++() volatile noexcept
                    ^
/usr/include/c++/4.9/bits/atomic_base.h:735:29: error: ‘noexcept’ does not name a type
       operator++() volatile noexcept
                             ^
/usr/include/c++/4.9/bits/atomic_base.h:740:18: error: expected ‘;’ at end of member declaration
       operator--() noexcept
                  ^
/usr/include/c++/4.9/bits/atomic_base.h:740:20: error: ‘noexcept’ does not name a type
       operator--() noexcept
                    ^
/usr/include/c++/4.9/bits/atomic_base.h:745:20: error: expected ‘;’ at end of member declaration
       operator--() volatile noexcept
                    ^
/usr/include/c++/4.9/bits/atomic_base.h:745:29: error: ‘noexcept’ does not name a type
       operator--() volatile noexcept
                             ^
/usr/include/c++/4.9/bits/atomic_base.h:750:31: error: expected ‘;’ at end of member declaration
       operator+=(ptrdiff_t __d) noexcept
                               ^
/usr/include/c++/4.9/bits/atomic_base.h:750:33: error: ‘noexcept’ does not name a type
       operator+=(ptrdiff_t __d) noexcept
                                 ^
/usr/include/c++/4.9/bits/atomic_base.h:755:33: error: expected ‘;’ at end of member declaration
       operator+=(ptrdiff_t __d) volatile noexcept
                                 ^
/usr/include/c++/4.9/bits/atomic_base.h:755:42: error: ‘noexcept’ does not name a type
       operator+=(ptrdiff_t __d) volatile noexcept
                                          ^
/usr/include/c++/4.9/bits/atomic_base.h:760:31: error: expected ‘;’ at end of member declaration
       operator-=(ptrdiff_t __d) noexcept
                               ^
/usr/include/c++/4.9/bits/atomic_base.h:760:33: error: ‘noexcept’ does not name a type
       operator-=(ptrdiff_t __d) noexcept
                                 ^
/usr/include/c++/4.9/bits/atomic_base.h:765:33: error: expected ‘;’ at end of member declaration
       operator-=(ptrdiff_t __d) volatile noexcept
                                 ^
/usr/include/c++/4.9/bits/atomic_base.h:765:42: error: ‘noexcept’ does not name a type
       operator-=(ptrdiff_t __d) volatile noexcept
                                          ^
/usr/include/c++/4.9/bits/atomic_base.h:770:22: error: expected ‘;’ at end of member declaration
       is_lock_free() const noexcept
                      ^
/usr/include/c++/4.9/bits/atomic_base.h:770:28: error: ‘noexcept’ does not name a type
       is_lock_free() const noexcept
                            ^
/usr/include/c++/4.9/bits/atomic_base.h:774:28: error: expected ‘;’ at end of member declaration
       is_lock_free() const volatile noexcept
                            ^
/usr/include/c++/4.9/bits/atomic_base.h:774:37: error: ‘noexcept’ does not name a type
       is_lock_free() const volatile noexcept
                                     ^
/usr/include/c++/4.9/bits/atomic_base.h:779:45: error: expected ‘;’ at end of member declaration
      memory_order __m = memory_order_seq_cst) noexcept
                                             ^
/usr/include/c++/4.9/bits/atomic_base.h:779:47: error: ‘noexcept’ does not name a type
      memory_order __m = memory_order_seq_cst) noexcept
                                               ^
/usr/include/c++/4.9/bits/atomic_base.h:792:47: error: expected ‘;’ at end of member declaration
      memory_order __m = memory_order_seq_cst) volatile noexcept
                                               ^
/usr/include/c++/4.9/bits/atomic_base.h:792:56: error: ‘noexcept’ does not name a type
      memory_order __m = memory_order_seq_cst) volatile noexcept
                                                        ^
/usr/include/c++/4.9/bits/atomic_base.h:803:53: error: expected ‘;’ at end of member declaration
       load(memory_order __m = memory_order_seq_cst) const noexcept
                                                     ^
/usr/include/c++/4.9/bits/atomic_base.h:803:59: error: ‘noexcept’ does not name a type
       load(memory_order __m = memory_order_seq_cst) const noexcept
                                                           ^
/usr/include/c++/4.9/bits/atomic_base.h:813:59: error: expected ‘;’ at end of member declaration
       load(memory_order __m = memory_order_seq_cst) const volatile noexcept
                                                           ^
/usr/include/c++/4.9/bits/atomic_base.h:813:68: error: ‘noexcept’ does not name a type
       load(memory_order __m = memory_order_seq_cst) const volatile noexcept
                                                                    ^
/usr/include/c++/4.9/bits/atomic_base.h:824:48: error: expected ‘;’ at end of member declaration
         memory_order __m = memory_order_seq_cst) noexcept
                                                ^
/usr/include/c++/4.9/bits/atomic_base.h:824:50: error: ‘noexcept’ does not name a type
         memory_order __m = memory_order_seq_cst) noexcept
                                                  ^
/usr/include/c++/4.9/bits/atomic_base.h:832:50: error: expected ‘;’ at end of member declaration
         memory_order __m = memory_order_seq_cst) volatile noexcept
                                                  ^
/usr/include/c++/4.9/bits/atomic_base.h:832:59: error: ‘noexcept’ does not name a type
         memory_order __m = memory_order_seq_cst) volatile noexcept
                                                           ^
/usr/include/c++/4.9/bits/atomic_base.h:840:27: error: expected ‘;’ at end of member declaration
          memory_order __m2) noexcept
                           ^
/usr/include/c++/4.9/bits/atomic_base.h:840:29: error: ‘noexcept’ does not name a type
          memory_order __m2) noexcept
                             ^
/usr/include/c++/4.9/bits/atomic_base.h:854:29: error: expected ‘;’ at end of member declaration
          memory_order __m2) volatile noexcept
                             ^
/usr/include/c++/4.9/bits/atomic_base.h:854:38: error: ‘noexcept’ does not name a type
          memory_order __m2) volatile noexcept
                                      ^
/usr/include/c++/4.9/bits/atomic_base.h:868:42: error: expected ‘;’ at end of member declaration
   memory_order __m = memory_order_seq_cst) noexcept
                                          ^
/usr/include/c++/4.9/bits/atomic_base.h:868:44: error: ‘noexcept’ does not name a type
   memory_order __m = memory_order_seq_cst) noexcept
                                            ^
/usr/include/c++/4.9/bits/atomic_base.h:873:44: error: expected ‘;’ at end of member declaration
   memory_order __m = memory_order_seq_cst) volatile noexcept
                                            ^
/usr/include/c++/4.9/bits/atomic_base.h:873:53: error: ‘noexcept’ does not name a type
   memory_order __m = memory_order_seq_cst) volatile noexcept
                                                     ^
/usr/include/c++/4.9/bits/atomic_base.h:878:42: error: expected ‘;’ at end of member declaration
   memory_order __m = memory_order_seq_cst) noexcept
                                          ^
/usr/include/c++/4.9/bits/atomic_base.h:878:44: error: ‘noexcept’ does not name a type
   memory_order __m = memory_order_seq_cst) noexcept
                                            ^
/usr/include/c++/4.9/bits/atomic_base.h:883:44: error: expected ‘;’ at end of member declaration
   memory_order __m = memory_order_seq_cst) volatile noexcept
                                            ^
/usr/include/c++/4.9/bits/atomic_base.h:883:53: error: ‘noexcept’ does not name a type
   memory_order __m = memory_order_seq_cst) volatile noexcept
                                                     ^
In file included from /home/maria/Downloads/taglib-1.9.1/build/CMakeFiles/CMakeTmp/src.cxx:2:0:
/usr/include/c++/4.9/atomic:60:17: error: expected ‘;’ at end of member declaration
     atomic_bool() noexcept = default;
                 ^
/usr/include/c++/4.9/atomic:60:19: error: ‘noexcept’ does not name a type
     atomic_bool() noexcept = default;
                   ^
/usr/include/c++/4.9/atomic:61:18: error: expected ‘;’ at end of member declaration
     ~atomic_bool() noexcept = default;
                  ^
/usr/include/c++/4.9/atomic:61:20: error: ‘noexcept’ does not name a type
     ~atomic_bool() noexcept = default;
                    ^
/usr/include/c++/4.9/atomic:66:5: error: ‘constexpr’ does not name a type
     constexpr atomic_bool(bool __i) noexcept : _M_base(__i) { }
     ^
/usr/include/c++/4.9/atomic:66:5: note: C++11 ‘constexpr’ only available with -std=c++11 or -std=gnu++11
/usr/include/c++/4.9/atomic:69:23: error: expected ‘;’ at end of member declaration
     operator=(bool __i) noexcept
                       ^
/usr/include/c++/4.9/atomic:69:25: error: ‘noexcept’ does not name a type
     operator=(bool __i) noexcept
                         ^
/usr/include/c++/4.9/atomic:73:25: error: expected ‘;’ at end of member declaration
     operator=(bool __i) volatile noexcept
                         ^
/usr/include/c++/4.9/atomic:73:34: error: ‘noexcept’ does not name a type
     operator=(bool __i) volatile noexcept
                                  ^
/usr/include/c++/4.9/atomic:76:21: error: expected ‘;’ at end of member declaration
     operator bool() const noexcept
                     ^
/usr/include/c++/4.9/atomic:76:27: error: ‘noexcept’ does not name a type
     operator bool() const noexcept
                           ^
/usr/include/c++/4.9/atomic:79:27: error: expected ‘;’ at end of member declaration
     operator bool() const volatile noexcept
                           ^
/usr/include/c++/4.9/atomic:79:36: error: ‘noexcept’ does not name a type
     operator bool() const volatile noexcept
                                    ^
/usr/include/c++/4.9/atomic:83:20: error: expected ‘;’ at end of member declaration
     is_lock_free() const noexcept { return _M_base.is_lock_free(); }
                    ^
/usr/include/c++/4.9/atomic:83:26: error: ‘noexcept’ does not name a type
     is_lock_free() const noexcept { return _M_base.is_lock_free(); }
                          ^
/usr/include/c++/4.9/atomic:86:26: error: expected ‘;’ at end of member declaration
     is_lock_free() const volatile noexcept { return _M_base.is_lock_free(); }
                          ^
/usr/include/c++/4.9/atomic:86:35: error: ‘noexcept’ does not name a type
     is_lock_free() const volatile noexcept { return _M_base.is_lock_free(); }
                                   ^
/usr/include/c++/4.9/atomic:89:60: error: expected ‘;’ at end of member declaration
     store(bool __i, memory_order __m = memory_order_seq_cst) noexcept
                                                            ^
/usr/include/c++/4.9/atomic:89:62: error: ‘noexcept’ does not name a type
     store(bool __i, memory_order __m = memory_order_seq_cst) noexcept
                                                              ^
/usr/include/c++/4.9/atomic:93:62: error: expected ‘;’ at end of member declaration
     store(bool __i, memory_order __m = memory_order_seq_cst) volatile noexcept
                                                              ^
/usr/include/c++/4.9/atomic:93:71: error: ‘noexcept’ does not name a type
     store(bool __i, memory_order __m = memory_order_seq_cst) volatile noexcept
                                                                       ^
/usr/include/c++/4.9/atomic:97:51: error: expected ‘;’ at end of member declaration
     load(memory_order __m = memory_order_seq_cst) const noexcept
                                                   ^
/usr/include/c++/4.9/atomic:97:57: error: ‘noexcept’ does not name a type
     load(memory_order __m = memory_order_seq_cst) const noexcept
                                                         ^
/usr/include/c++/4.9/atomic:101:57: error: expected ‘;’ at end of member declaration
     load(memory_order __m = memory_order_seq_cst) const volatile noexcept
                                                         ^
/usr/include/c++/4.9/atomic:101:66: error: ‘noexcept’ does not name a type
     load(memory_order __m = memory_order_seq_cst) const volatile noexcept
                                                                  ^
/usr/include/c++/4.9/atomic:105:63: error: expected ‘;’ at end of member declaration
     exchange(bool __i, memory_order __m = memory_order_seq_cst) noexcept
                                                               ^
/usr/include/c++/4.9/atomic:105:65: error: ‘noexcept’ does not name a type
     exchange(bool __i, memory_order __m = memory_order_seq_cst) noexcept
                                                                 ^
/usr/include/c++/4.9/atomic:110:48: error: expected ‘;’ at end of member declaration
       memory_order __m = memory_order_seq_cst) volatile noexcept
                                                ^
/usr/include/c++/4.9/atomic:110:57: error: ‘noexcept’ does not name a type
       memory_order __m = memory_order_seq_cst) volatile noexcept
                                                         ^
/usr/include/c++/4.9/atomic:115:23: error: expected ‘;’ at end of member declaration
      memory_order __m2) noexcept
                       ^
/usr/include/c++/4.9/atomic:115:25: error: ‘noexcept’ does not name a type
      memory_order __m2) noexcept
                         ^
/usr/include/c++/4.9/atomic:120:25: error: expected ‘;’ at end of member declaration
      memory_order __m2) volatile noexcept
                         ^
/usr/include/c++/4.9/atomic:120:34: error: ‘noexcept’ does not name a type
      memory_order __m2) volatile noexcept
                                  ^
/usr/include/c++/4.9/atomic:125:45: error: expected ‘;’ at end of member declaration
      memory_order __m = memory_order_seq_cst) noexcept
                                             ^
/usr/include/c++/4.9/atomic:125:47: error: ‘noexcept’ does not name a type
      memory_order __m = memory_order_seq_cst) noexcept
                                               ^
/usr/include/c++/4.9/atomic:130:49: error: expected ‘;’ at end of member declaration
        memory_order __m = memory_order_seq_cst) volatile noexcept
                                                 ^
/usr/include/c++/4.9/atomic:130:58: error: ‘noexcept’ does not name a type
        memory_order __m = memory_order_seq_cst) volatile noexcept
                                                          ^
/usr/include/c++/4.9/atomic:135:25: error: expected ‘;’ at end of member declaration
        memory_order __m2) noexcept
                         ^
/usr/include/c++/4.9/atomic:135:27: error: ‘noexcept’ does not name a type
        memory_order __m2) noexcept
                           ^
/usr/include/c++/4.9/atomic:140:27: error: expected ‘;’ at end of member declaration
        memory_order __m2) volatile noexcept
                           ^
/usr/include/c++/4.9/atomic:140:36: error: ‘noexcept’ does not name a type
        memory_order __m2) volatile noexcept
                                    ^
/usr/include/c++/4.9/atomic:145:47: error: expected ‘;’ at end of member declaration
        memory_order __m = memory_order_seq_cst) noexcept
                                               ^
/usr/include/c++/4.9/atomic:145:49: error: ‘noexcept’ does not name a type
        memory_order __m = memory_order_seq_cst) noexcept
                                                 ^
/usr/include/c++/4.9/atomic:150:48: error: expected ‘;’ at end of member declaration
       memory_order __m = memory_order_seq_cst) volatile noexcept
                                                ^
/usr/include/c++/4.9/atomic:150:57: error: ‘noexcept’ does not name a type
       memory_order __m = memory_order_seq_cst) volatile noexcept
                                                         ^
/usr/include/c++/4.9/atomic:167:14: error: expected ‘;’ at end of member declaration
       atomic() noexcept = default;
              ^
/usr/include/c++/4.9/atomic:167:16: error: ‘noexcept’ does not name a type
       atomic() noexcept = default;
                ^
/usr/include/c++/4.9/atomic:168:15: error: expected ‘;’ at end of member declaration
       ~atomic() noexcept = default;
               ^
/usr/include/c++/4.9/atomic:168:17: error: ‘noexcept’ does not name a type
       ~atomic() noexcept = default;
                 ^
/usr/include/c++/4.9/atomic:173:7: error: ‘constexpr’ does not name a type
       constexpr atomic(_Tp __i) noexcept : _M_i(__i) { }
       ^
/usr/include/c++/4.9/atomic:173:7: note: C++11 ‘constexpr’ only available with -std=c++11 or -std=gnu++11
/usr/include/c++/4.9/atomic:175:22: error: expected ‘;’ at end of member declaration
       operator _Tp() const noexcept
                      ^
/usr/include/c++/4.9/atomic:175:28: error: ‘noexcept’ does not name a type
       operator _Tp() const noexcept
                            ^
/usr/include/c++/4.9/atomic:178:28: error: expected ‘;’ at end of member declaration
       operator _Tp() const volatile noexcept
                            ^
/usr/include/c++/4.9/atomic:178:37: error: ‘noexcept’ does not name a type
       operator _Tp() const volatile noexcept
                                     ^
/usr/include/c++/4.9/atomic:182:24: error: expected ‘;’ at end of member declaration
       operator=(_Tp __i) noexcept 
                        ^
/usr/include/c++/4.9/atomic:182:26: error: ‘noexcept’ does not name a type
       operator=(_Tp __i) noexcept 
                          ^
/usr/include/c++/4.9/atomic:186:26: error: expected ‘;’ at end of member declaration
       operator=(_Tp __i) volatile noexcept 
                          ^
/usr/include/c++/4.9/atomic:186:35: error: ‘noexcept’ does not name a type
       operator=(_Tp __i) volatile noexcept 
                                   ^
/usr/include/c++/4.9/atomic:190:22: error: expected ‘;’ at end of member declaration
       is_lock_free() const noexcept
                      ^
/usr/include/c++/4.9/atomic:190:28: error: ‘noexcept’ does not name a type
       is_lock_free() const noexcept
                            ^
/usr/include/c++/4.9/atomic:194:28: error: expected ‘;’ at end of member declaration
       is_lock_free() const volatile noexcept
                            ^
/usr/include/c++/4.9/atomic:194:37: error: ‘noexcept’ does not name a type
       is_lock_free() const volatile noexcept
                                     ^
/usr/include/c++/4.9/atomic:198:60: error: expected ‘;’ at end of member declaration
       store(_Tp __i, memory_order _m = memory_order_seq_cst) noexcept
                                                            ^
/usr/include/c++/4.9/atomic:198:62: error: ‘noexcept’ does not name a type
       store(_Tp __i, memory_order _m = memory_order_seq_cst) noexcept
                                                              ^
/usr/include/c++/4.9/atomic:202:62: error: expected ‘;’ at end of member declaration
       store(_Tp __i, memory_order _m = memory_order_seq_cst) volatile noexcept
                                                              ^
/usr/include/c++/4.9/atomic:202:71: error: ‘noexcept’ does not name a type
       store(_Tp __i, memory_order _m = memory_order_seq_cst) volatile noexcept
                                                                       ^
/usr/include/c++/4.9/atomic:206:52: error: expected ‘;’ at end of member declaration
       load(memory_order _m = memory_order_seq_cst) const noexcept
                                                    ^
/usr/include/c++/4.9/atomic:206:58: error: ‘noexcept’ does not name a type
       load(memory_order _m = memory_order_seq_cst) const noexcept
                                                          ^
/usr/include/c++/4.9/atomic:214:58: error: expected ‘;’ at end of member declaration
       load(memory_order _m = memory_order_seq_cst) const volatile noexcept
                                                          ^
/usr/include/c++/4.9/atomic:214:67: error: ‘noexcept’ does not name a type
       load(memory_order _m = memory_order_seq_cst) const volatile noexcept
                                                                   ^
/usr/include/c++/4.9/atomic:222:63: error: expected ‘;’ at end of member declaration
       exchange(_Tp __i, memory_order _m = memory_order_seq_cst) noexcept
                                                               ^
/usr/include/c++/4.9/atomic:222:65: error: ‘noexcept’ does not name a type
       exchange(_Tp __i, memory_order _m = memory_order_seq_cst) noexcept
                                                                 ^
/usr/include/c++/4.9/atomic:231:49: error: expected ‘;’ at end of member declaration
         memory_order _m = memory_order_seq_cst) volatile noexcept
                                                 ^
/usr/include/c++/4.9/atomic:231:58: error: ‘noexcept’ does not name a type
         memory_order _m = memory_order_seq_cst) volatile noexcept
                                                          ^
/usr/include/c++/4.9/atomic:240:24: error: expected ‘;’ at end of member declaration
        memory_order __f) noexcept
                        ^
/usr/include/c++/4.9/atomic:240:26: error: ‘noexcept’ does not name a type
        memory_order __f) noexcept
                          ^
/usr/include/c++/4.9/atomic:247:26: error: expected ‘;’ at end of member declaration
        memory_order __f) volatile noexcept
                          ^
/usr/include/c++/4.9/atomic:247:35: error: ‘noexcept’ does not name a type
        memory_order __f) volatile noexcept
                                   ^
/usr/include/c++/4.9/atomic:254:47: error: expected ‘;’ at end of member declaration
        memory_order __m = memory_order_seq_cst) noexcept
                                               ^
/usr/include/c++/4.9/atomic:254:49: error: ‘noexcept’ does not name a type
        memory_order __m = memory_order_seq_cst) noexcept
                                                 ^
/usr/include/c++/4.9/atomic:260:49: error: expected ‘;’ at end of member declaration
        memory_order __m = memory_order_seq_cst) volatile noexcept
                                                 ^
/usr/include/c++/4.9/atomic:260:58: error: ‘noexcept’ does not name a type
        memory_order __m = memory_order_seq_cst) volatile noexcept
                                                          ^
/usr/include/c++/4.9/atomic:266:26: error: expected ‘;’ at end of member declaration
          memory_order __f) noexcept
                          ^
/usr/include/c++/4.9/atomic:266:28: error: ‘noexcept’ does not name a type
          memory_order __f) noexcept
                            ^
/usr/include/c++/4.9/atomic:273:28: error: expected ‘;’ at end of member declaration
          memory_order __f) volatile noexcept
                            ^
/usr/include/c++/4.9/atomic:273:37: error: ‘noexcept’ does not name a type
          memory_order __f) volatile noexcept
                                     ^
/usr/include/c++/4.9/atomic:280:50: error: expected ‘;’ at end of member declaration
           memory_order __m = memory_order_seq_cst) noexcept
                                                  ^
/usr/include/c++/4.9/atomic:280:52: error: ‘noexcept’ does not name a type
           memory_order __m = memory_order_seq_cst) noexcept
                                                    ^
/usr/include/c++/4.9/atomic:286:49: error: expected ‘;’ at end of member declaration
        memory_order __m = memory_order_seq_cst) volatile noexcept
                                                 ^
/usr/include/c++/4.9/atomic:286:58: error: ‘noexcept’ does not name a type
        memory_order __m = memory_order_seq_cst) volatile noexcept
                                                          ^
/usr/include/c++/4.9/atomic:300:14: error: expected ‘;’ at end of member declaration
       atomic() noexcept = default;
              ^
/usr/include/c++/4.9/atomic:300:16: error: ‘noexcept’ does not name a type
       atomic() noexcept = default;
                ^
/usr/include/c++/4.9/atomic:301:15: error: expected ‘;’ at end of member declaration
       ~atomic() noexcept = default;
               ^
/usr/include/c++/4.9/atomic:301:17: error: ‘noexcept’ does not name a type
       ~atomic() noexcept = default;
                 ^
/usr/include/c++/4.9/atomic:306:7: error: ‘constexpr’ does not name a type
       constexpr atomic(__pointer_type __p) noexcept : _M_b(__p) { }
       ^
/usr/include/c++/4.9/atomic:306:7: note: C++11 ‘constexpr’ only available with -std=c++11 or -std=gnu++11
/usr/include/c++/4.9/atomic:308:33: error: expected ‘;’ at end of member declaration
       operator __pointer_type() const noexcept
                                 ^
/usr/include/c++/4.9/atomic:308:39: error: ‘noexcept’ does not name a type
       operator __pointer_type() const noexcept
                                       ^
/usr/include/c++/4.9/atomic:311:39: error: expected ‘;’ at end of member declaration
       operator __pointer_type() const volatile noexcept
                                       ^
/usr/include/c++/4.9/atomic:311:48: error: ‘noexcept’ does not name a type
       operator __pointer_type() const volatile noexcept
                                                ^
/usr/include/c++/4.9/atomic:315:35: error: expected ‘;’ at end of member declaration
       operator=(__pointer_type __p) noexcept
                                   ^
/usr/include/c++/4.9/atomic:315:37: error: ‘noexcept’ does not name a type
       operator=(__pointer_type __p) noexcept
                                     ^
/usr/include/c++/4.9/atomic:319:37: error: expected ‘;’ at end of member declaration
       operator=(__pointer_type __p) volatile noexcept
                                     ^
/usr/include/c++/4.9/atomic:319:46: error: ‘noexcept’ does not name a type
       operator=(__pointer_type __p) volatile noexcept
                                              ^
/usr/include/c++/4.9/atomic:323:21: error: expected ‘;’ at end of member declaration
       operator++(int) noexcept
                     ^
/usr/include/c++/4.9/atomic:323:23: error: ‘noexcept’ does not name a type
       operator++(int) noexcept
                       ^
/usr/include/c++/4.9/atomic:327:23: error: expected ‘;’ at end of member declaration
       operator++(int) volatile noexcept
                       ^
/usr/include/c++/4.9/atomic:327:32: error: ‘noexcept’ does not name a type
       operator++(int) volatile noexcept
                                ^
/usr/include/c++/4.9/atomic:331:21: error: expected ‘;’ at end of member declaration
       operator--(int) noexcept
                     ^
/usr/include/c++/4.9/atomic:331:23: error: ‘noexcept’ does not name a type
       operator--(int) noexcept
                       ^
/usr/include/c++/4.9/atomic:335:23: error: expected ‘;’ at end of member declaration
       operator--(int) volatile noexcept
                       ^
/usr/include/c++/4.9/atomic:335:32: error: ‘noexcept’ does not name a type
       operator--(int) volatile noexcept
                                ^
/usr/include/c++/4.9/atomic:339:18: error: expected ‘;’ at end of member declaration
       operator++() noexcept
                  ^
/usr/include/c++/4.9/atomic:339:20: error: ‘noexcept’ does not name a type
       operator++() noexcept
                    ^
/usr/include/c++/4.9/atomic:343:20: error: expected ‘;’ at end of member declaration
       operator++() volatile noexcept
                    ^
/usr/include/c++/4.9/atomic:343:29: error: ‘noexcept’ does not name a type
       operator++() volatile noexcept
                             ^
/usr/include/c++/4.9/atomic:347:18: error: expected ‘;’ at end of member declaration
       operator--() noexcept
                  ^
/usr/include/c++/4.9/atomic:347:20: error: ‘noexcept’ does not name a type
       operator--() noexcept
                    ^
/usr/include/c++/4.9/atomic:351:20: error: expected ‘;’ at end of member declaration
       operator--() volatile noexcept
                    ^
/usr/include/c++/4.9/atomic:351:29: error: ‘noexcept’ does not name a type
       operator--() volatile noexcept
                             ^
/usr/include/c++/4.9/atomic:355:31: error: expected ‘;’ at end of member declaration
       operator+=(ptrdiff_t __d) noexcept
                               ^
/usr/include/c++/4.9/atomic:355:33: error: ‘noexcept’ does not name a type
       operator+=(ptrdiff_t __d) noexcept
                                 ^
/usr/include/c++/4.9/atomic:359:33: error: expected ‘;’ at end of member declaration
       operator+=(ptrdiff_t __d) volatile noexcept
                                 ^
/usr/include/c++/4.9/atomic:359:42: error: ‘noexcept’ does not name a type
       operator+=(ptrdiff_t __d) volatile noexcept
                                          ^
/usr/include/c++/4.9/atomic:363:31: error: expected ‘;’ at end of member declaration
       operator-=(ptrdiff_t __d) noexcept
                               ^
/usr/include/c++/4.9/atomic:363:33: error: ‘noexcept’ does not name a type
       operator-=(ptrdiff_t __d) noexcept
                                 ^
/usr/include/c++/4.9/atomic:367:33: error: expected ‘;’ at end of member declaration
       operator-=(ptrdiff_t __d) volatile noexcept
                                 ^
/usr/include/c++/4.9/atomic:367:42: error: ‘noexcept’ does not name a type
       operator-=(ptrdiff_t __d) volatile noexcept
                                          ^
/usr/include/c++/4.9/atomic:371:22: error: expected ‘;’ at end of member declaration
       is_lock_free() const noexcept
                      ^
/usr/include/c++/4.9/atomic:371:28: error: ‘noexcept’ does not name a type
       is_lock_free() const noexcept
                            ^
/usr/include/c++/4.9/atomic:375:28: error: expected ‘;’ at end of member declaration
       is_lock_free() const volatile noexcept
                            ^
/usr/include/c++/4.9/atomic:375:37: error: ‘noexcept’ does not name a type
       is_lock_free() const volatile noexcept
                                     ^
/usr/include/c++/4.9/atomic:380:45: error: expected ‘;’ at end of member declaration
      memory_order __m = memory_order_seq_cst) noexcept
                                             ^
/usr/include/c++/4.9/atomic:380:47: error: ‘noexcept’ does not name a type
      memory_order __m = memory_order_seq_cst) noexcept
                                               ^
/usr/include/c++/4.9/atomic:385:47: error: expected ‘;’ at end of member declaration
      memory_order __m = memory_order_seq_cst) volatile noexcept
                                               ^
/usr/include/c++/4.9/atomic:385:56: error: ‘noexcept’ does not name a type
      memory_order __m = memory_order_seq_cst) volatile noexcept
                                                        ^
/usr/include/c++/4.9/atomic:389:53: error: expected ‘;’ at end of member declaration
       load(memory_order __m = memory_order_seq_cst) const noexcept
                                                     ^
/usr/include/c++/4.9/atomic:389:59: error: ‘noexcept’ does not name a type
       load(memory_order __m = memory_order_seq_cst) const noexcept
                                                           ^
/usr/include/c++/4.9/atomic:393:59: error: expected ‘;’ at end of member declaration
       load(memory_order __m = memory_order_seq_cst) const volatile noexcept
                                                           ^
/usr/include/c++/4.9/atomic:393:68: error: ‘noexcept’ does not name a type
       load(memory_order __m = memory_order_seq_cst) const volatile noexcept
                                                                    ^
/usr/include/c++/4.9/atomic:398:48: error: expected ‘;’ at end of member declaration
         memory_order __m = memory_order_seq_cst) noexcept
                                                ^
/usr/include/c++/4.9/atomic:398:50: error: ‘noexcept’ does not name a type
         memory_order __m = memory_order_seq_cst) noexcept
                                                  ^
/usr/include/c++/4.9/atomic:403:50: error: expected ‘;’ at end of member declaration
         memory_order __m = memory_order_seq_cst) volatile noexcept
                                                  ^
/usr/include/c++/4.9/atomic:403:59: error: ‘noexcept’ does not name a type
         memory_order __m = memory_order_seq_cst) volatile noexcept
                                                           ^
/usr/include/c++/4.9/atomic:408:44: error: expected ‘;’ at end of member declaration
        memory_order __m1, memory_order __m2) noexcept
                                            ^
/usr/include/c++/4.9/atomic:408:46: error: ‘noexcept’ does not name a type
        memory_order __m1, memory_order __m2) noexcept
                                              ^
/usr/include/c++/4.9/atomic:414:27: error: expected ‘;’ at end of member declaration
        memory_order __m2) volatile noexcept
                           ^
/usr/include/c++/4.9/atomic:414:36: error: ‘noexcept’ does not name a type
        memory_order __m2) volatile noexcept
                                    ^
/usr/include/c++/4.9/atomic:419:47: error: expected ‘;’ at end of member declaration
        memory_order __m = memory_order_seq_cst) noexcept
                                               ^
/usr/include/c++/4.9/atomic:419:49: error: ‘noexcept’ does not name a type
        memory_order __m = memory_order_seq_cst) noexcept
                                                 ^
/usr/include/c++/4.9/atomic:427:48: error: expected ‘;’ at end of member declaration
       memory_order __m = memory_order_seq_cst) volatile noexcept
                                                ^
/usr/include/c++/4.9/atomic:427:57: error: ‘noexcept’ does not name a type
       memory_order __m = memory_order_seq_cst) volatile noexcept
                                                         ^
/usr/include/c++/4.9/atomic:435:46: error: expected ‘;’ at end of member declaration
          memory_order __m1, memory_order __m2) noexcept
                                              ^
/usr/include/c++/4.9/atomic:435:48: error: ‘noexcept’ does not name a type
          memory_order __m1, memory_order __m2) noexcept
                                                ^
/usr/include/c++/4.9/atomic:441:29: error: expected ‘;’ at end of member declaration
          memory_order __m2) volatile noexcept
                             ^
/usr/include/c++/4.9/atomic:441:38: error: ‘noexcept’ does not name a type
          memory_order __m2) volatile noexcept
                                      ^
/usr/include/c++/4.9/atomic:446:49: error: expected ‘;’ at end of member declaration
          memory_order __m = memory_order_seq_cst) noexcept
                                                 ^
/usr/include/c++/4.9/atomic:446:51: error: ‘noexcept’ does not name a type
          memory_order __m = memory_order_seq_cst) noexcept
                                                   ^
/usr/include/c++/4.9/atomic:454:48: error: expected ‘;’ at end of member declaration
       memory_order __m = memory_order_seq_cst) volatile noexcept
                                                ^
/usr/include/c++/4.9/atomic:454:57: error: ‘noexcept’ does not name a type
       memory_order __m = memory_order_seq_cst) volatile noexcept
                                                         ^
/usr/include/c++/4.9/atomic:462:42: error: expected ‘;’ at end of member declaration
   memory_order __m = memory_order_seq_cst) noexcept
                                          ^
/usr/include/c++/4.9/atomic:462:44: error: ‘noexcept’ does not name a type
   memory_order __m = memory_order_seq_cst) noexcept
                                            ^
/usr/include/c++/4.9/atomic:467:44: error: expected ‘;’ at end of member declaration
   memory_order __m = memory_order_seq_cst) volatile noexcept
                                            ^
/usr/include/c++/4.9/atomic:467:53: error: ‘noexcept’ does not name a type
   memory_order __m = memory_order_seq_cst) volatile noexcept
                                                     ^
/usr/include/c++/4.9/atomic:472:42: error: expected ‘;’ at end of member declaration
   memory_order __m = memory_order_seq_cst) noexcept
                                          ^
/usr/include/c++/4.9/atomic:472:44: error: ‘noexcept’ does not name a type
   memory_order __m = memory_order_seq_cst) noexcept
                                            ^
/usr/include/c++/4.9/atomic:477:44: error: expected ‘;’ at end of member declaration
   memory_order __m = memory_order_seq_cst) volatile noexcept
                                            ^
/usr/include/c++/4.9/atomic:477:53: error: ‘noexcept’ does not name a type
   memory_order __m = memory_order_seq_cst) volatile noexcept
                                                     ^
/usr/include/c++/4.9/atomic:489:14: error: expected ‘;’ at end of member declaration
       atomic() noexcept = default;
              ^
/usr/include/c++/4.9/atomic:489:16: error: ‘noexcept’ does not name a type
       atomic() noexcept = default;
                ^
/usr/include/c++/4.9/atomic:490:15: error: expected ‘;’ at end of member declaration
       ~atomic() noexcept = default;
               ^
/usr/include/c++/4.9/atomic:490:17: error: ‘noexcept’ does not name a type
       ~atomic() noexcept = default;
                 ^
/usr/include/c++/4.9/atomic:495:7: error: ‘constexpr’ does not name a type
       constexpr atomic(__integral_type __i) noexcept : __base_type(__i) { }
       ^
/usr/include/c++/4.9/atomic:495:7: note: C++11 ‘constexpr’ only available with -std=c++11 or -std=gnu++11
/usr/include/c++/4.9/atomic:508:14: error: expected ‘;’ at end of member declaration
       atomic() noexcept = default;
              ^
/usr/include/c++/4.9/atomic:508:16: error: ‘noexcept’ does not name a type
       atomic() noexcept = default;
                ^
/usr/include/c++/4.9/atomic:509:15: error: expected ‘;’ at end of member declaration
       ~atomic() noexcept = default;
               ^
/usr/include/c++/4.9/atomic:509:17: error: ‘noexcept’ does not name a type
       ~atomic() noexcept = default;
                 ^
/usr/include/c++/4.9/atomic:514:7: error: ‘constexpr’ does not name a type
       constexpr atomic(__integral_type __i) noexcept : __base_type(__i) { }
       ^
/usr/include/c++/4.9/atomic:514:7: note: C++11 ‘constexpr’ only available with -std=c++11 or -std=gnu++11
/usr/include/c++/4.9/atomic:527:14: error: expected ‘;’ at end of member declaration
       atomic() noexcept= default;
              ^
/usr/include/c++/4.9/atomic:527:16: error: ‘noexcept’ does not name a type
       atomic() noexcept= default;
                ^
/usr/include/c++/4.9/atomic:528:15: error: expected ‘;’ at end of member declaration
       ~atomic() noexcept = default;
               ^
/usr/include/c++/4.9/atomic:528:17: error: ‘noexcept’ does not name a type
       ~atomic() noexcept = default;
                 ^
/usr/include/c++/4.9/atomic:533:7: error: ‘constexpr’ does not name a type
       constexpr atomic(__integral_type __i) noexcept : __base_type(__i) { }
       ^
/usr/include/c++/4.9/atomic:533:7: note: C++11 ‘constexpr’ only available with -std=c++11 or -std=gnu++11
/usr/include/c++/4.9/atomic:546:14: error: expected ‘;’ at end of member declaration
       atomic() noexcept= default;
              ^
/usr/include/c++/4.9/atomic:546:16: error: ‘noexcept’ does not name a type
       atomic() noexcept= default;
                ^
/usr/include/c++/4.9/atomic:547:15: error: expected ‘;’ at end of member declaration
       ~atomic() noexcept = default;
               ^
/usr/include/c++/4.9/atomic:547:17: error: ‘noexcept’ does not name a type
       ~atomic() noexcept = default;
                 ^
/usr/include/c++/4.9/atomic:552:7: error: ‘constexpr’ does not name a type
       constexpr atomic(__integral_type __i) noexcept : __base_type(__i) { }
       ^
/usr/include/c++/4.9/atomic:552:7: note: C++11 ‘constexpr’ only available with -std=c++11 or -std=gnu++11
/usr/include/c++/4.9/atomic:565:14: error: expected ‘;’ at end of member declaration
       atomic() noexcept = default;
              ^
/usr/include/c++/4.9/atomic:565:16: error: ‘noexcept’ does not name a type
       atomic() noexcept = default;
                ^
/usr/include/c++/4.9/atomic:566:15: error: expected ‘;’ at end of member declaration
       ~atomic() noexcept = default;
               ^
/usr/include/c++/4.9/atomic:566:17: error: ‘noexcept’ does not name a type
       ~atomic() noexcept = default;
                 ^
/usr/include/c++/4.9/atomic:571:7: error: ‘constexpr’ does not name a type
       constexpr atomic(__integral_type __i) noexcept : __base_type(__i) { }
       ^
/usr/include/c++/4.9/atomic:571:7: note: C++11 ‘constexpr’ only available with -std=c++11 or -std=gnu++11
/usr/include/c++/4.9/atomic:584:14: error: expected ‘;’ at end of member declaration
       atomic() noexcept = default;
              ^
/usr/include/c++/4.9/atomic:584:16: error: ‘noexcept’ does not name a type
       atomic() noexcept = default;
                ^
/usr/include/c++/4.9/atomic:585:15: error: expected ‘;’ at end of member declaration
       ~atomic() noexcept = default;
               ^
/usr/include/c++/4.9/atomic:585:17: error: ‘noexcept’ does not name a type
       ~atomic() noexcept = default;
                 ^
/usr/include/c++/4.9/atomic:590:7: error: ‘constexpr’ does not name a type
       constexpr atomic(__integral_type __i) noexcept : __base_type(__i) { }
       ^
/usr/include/c++/4.9/atomic:590:7: note: C++11 ‘constexpr’ only available with -std=c++11 or -std=gnu++11
/usr/include/c++/4.9/atomic:603:14: error: expected ‘;’ at end of member declaration
       atomic() noexcept = default;
              ^
/usr/include/c++/4.9/atomic:603:16: error: ‘noexcept’ does not name a type
       atomic() noexcept = default;
                ^
/usr/include/c++/4.9/atomic:604:15: error: expected ‘;’ at end of member declaration
       ~atomic() noexcept = default;
               ^
/usr/include/c++/4.9/atomic:604:17: error: ‘noexcept’ does not name a type
       ~atomic() noexcept = default;
                 ^
/usr/include/c++/4.9/atomic:609:7: error: ‘constexpr’ does not name a type
       constexpr atomic(__integral_type __i) noexcept : __base_type(__i) { }
       ^
/usr/include/c++/4.9/atomic:609:7: note: C++11 ‘constexpr’ only available with -std=c++11 or -std=gnu++11
/usr/include/c++/4.9/atomic:622:14: error: expected ‘;’ at end of member declaration
       atomic() noexcept = default;
              ^
/usr/include/c++/4.9/atomic:622:16: error: ‘noexcept’ does not name a type
       atomic() noexcept = default;
                ^
/usr/include/c++/4.9/atomic:623:15: error: expected ‘;’ at end of member declaration
       ~atomic() noexcept = default;
               ^
/usr/include/c++/4.9/atomic:623:17: error: ‘noexcept’ does not name a type
       ~atomic() noexcept = default;
                 ^
/usr/include/c++/4.9/atomic:628:7: error: ‘constexpr’ does not name a type
       constexpr atomic(__integral_type __i) noexcept : __base_type(__i) { }
       ^
/usr/include/c++/4.9/atomic:628:7: note: C++11 ‘constexpr’ only available with -std=c++11 or -std=gnu++11
/usr/include/c++/4.9/atomic:641:14: error: expected ‘;’ at end of member declaration
       atomic() noexcept = default;
              ^
/usr/include/c++/4.9/atomic:641:16: error: ‘noexcept’ does not name a type
       atomic() noexcept = default;
                ^
/usr/include/c++/4.9/atomic:642:15: error: expected ‘;’ at end of member declaration
       ~atomic() noexcept = default;
               ^
/usr/include/c++/4.9/atomic:642:17: error: ‘noexcept’ does not name a type
       ~atomic() noexcept = default;
                 ^
/usr/include/c++/4.9/atomic:647:7: error: ‘constexpr’ does not name a type
       constexpr atomic(__integral_type __i) noexcept : __base_type(__i) { }
       ^
/usr/include/c++/4.9/atomic:647:7: note: C++11 ‘constexpr’ only available with -std=c++11 or -std=gnu++11
/usr/include/c++/4.9/atomic:660:14: error: expected ‘;’ at end of member declaration
       atomic() noexcept = default;
              ^
/usr/include/c++/4.9/atomic:660:16: error: ‘noexcept’ does not name a type
       atomic() noexcept = default;
                ^
/usr/include/c++/4.9/atomic:661:15: error: expected ‘;’ at end of member declaration
       ~atomic() noexcept = default;
               ^
/usr/include/c++/4.9/atomic:661:17: error: ‘noexcept’ does not name a type
       ~atomic() noexcept = default;
                 ^
/usr/include/c++/4.9/atomic:666:7: error: ‘constexpr’ does not name a type
       constexpr atomic(__integral_type __i) noexcept : __base_type(__i) { }
       ^
/usr/include/c++/4.9/atomic:666:7: note: C++11 ‘constexpr’ only available with -std=c++11 or -std=gnu++11
/usr/include/c++/4.9/atomic:679:14: error: expected ‘;’ at end of member declaration
       atomic() noexcept = default;
              ^
/usr/include/c++/4.9/atomic:679:16: error: ‘noexcept’ does not name a type
       atomic() noexcept = default;
                ^
/usr/include/c++/4.9/atomic:680:15: error: expected ‘;’ at end of member declaration
       ~atomic() noexcept = default;
               ^
/usr/include/c++/4.9/atomic:680:17: error: ‘noexcept’ does not name a type
       ~atomic() noexcept = default;
                 ^
/usr/include/c++/4.9/atomic:685:7: error: ‘constexpr’ does not name a type
       constexpr atomic(__integral_type __i) noexcept : __base_type(__i) { }
       ^
/usr/include/c++/4.9/atomic:685:7: note: C++11 ‘constexpr’ only available with -std=c++11 or -std=gnu++11
/usr/include/c++/4.9/atomic:698:14: error: expected ‘;’ at end of member declaration
       atomic() noexcept = default;
              ^
/usr/include/c++/4.9/atomic:698:16: error: ‘noexcept’ does not name a type
       atomic() noexcept = default;
                ^
/usr/include/c++/4.9/atomic:699:15: error: expected ‘;’ at end of member declaration
       ~atomic() noexcept = default;
               ^
/usr/include/c++/4.9/atomic:699:17: error: ‘noexcept’ does not name a type
       ~atomic() noexcept = default;
                 ^
/usr/include/c++/4.9/atomic:704:7: error: ‘constexpr’ does not name a type
       constexpr atomic(__integral_type __i) noexcept : __base_type(__i) { }
       ^
/usr/include/c++/4.9/atomic:704:7: note: C++11 ‘constexpr’ only available with -std=c++11 or -std=gnu++11
/usr/include/c++/4.9/atomic:717:14: error: expected ‘;’ at end of member declaration
       atomic() noexcept = default;
              ^
/usr/include/c++/4.9/atomic:717:16: error: ‘noexcept’ does not name a type
       atomic() noexcept = default;
                ^
/usr/include/c++/4.9/atomic:718:15: error: expected ‘;’ at end of member declaration
       ~atomic() noexcept = default;
               ^
/usr/include/c++/4.9/atomic:718:17: error: ‘noexcept’ does not name a type
       ~atomic() noexcept = default;
                 ^
/usr/include/c++/4.9/atomic:723:7: error: ‘constexpr’ does not name a type
       constexpr atomic(__integral_type __i) noexcept : __base_type(__i) { }
       ^
/usr/include/c++/4.9/atomic:723:7: note: C++11 ‘constexpr’ only available with -std=c++11 or -std=gnu++11
/usr/include/c++/4.9/atomic:731:19: error: ‘char16_t’ was not declared in this scope
     struct atomic<char16_t> : public atomic_char16_t
                   ^
/usr/include/c++/4.9/atomic:731:27: error: template argument 1 is invalid
     struct atomic<char16_t> : public atomic_char16_t
                           ^
/usr/include/c++/4.9/atomic:732:5: error: expected class-name before ‘{’ token
     {
     ^
/usr/include/c++/4.9/atomic:750:19: error: ‘char32_t’ was not declared in this scope
     struct atomic<char32_t> : public atomic_char32_t
                   ^
/usr/include/c++/4.9/atomic:750:27: error: template argument 1 is invalid
     struct atomic<char32_t> : public atomic_char32_t
                           ^
/usr/include/c++/4.9/atomic:751:5: error: expected class-name before ‘{’ token
     {
     ^
/usr/include/c++/4.9/atomic:771:27: error: expected initializer before ‘noexcept’
         memory_order __m) noexcept
                           ^
/usr/include/c++/4.9/atomic:776:27: error: expected initializer before ‘noexcept’
         memory_order __m) noexcept
                           ^
/usr/include/c++/4.9/atomic:780:66: error: expected initializer before ‘noexcept’
   atomic_flag_clear_explicit(atomic_flag* __a, memory_order __m) noexcept
                                                                  ^
/usr/include/c++/4.9/atomic:785:27: error: expected initializer before ‘noexcept’
         memory_order __m) noexcept
                           ^
/usr/include/c++/4.9/atomic:789:46: error: expected initializer before ‘noexcept’
   atomic_flag_test_and_set(atomic_flag* __a) noexcept
                                              ^
/usr/include/c++/4.9/atomic:793:55: error: expected initializer before ‘noexcept’
   atomic_flag_test_and_set(volatile atomic_flag* __a) noexcept
                                                       ^
/usr/include/c++/4.9/atomic:797:39: error: expected initializer before ‘noexcept’
   atomic_flag_clear(atomic_flag* __a) noexcept
                                       ^
/usr/include/c++/4.9/atomic:801:48: error: expected initializer before ‘noexcept’
   atomic_flag_clear(volatile atomic_flag* __a) noexcept
                                                ^
/usr/include/c++/4.9/atomic:808:50: error: expected initializer before ‘noexcept’
     atomic_is_lock_free(const atomic<_ITp>* __a) noexcept
                                                  ^
/usr/include/c++/4.9/atomic:813:59: error: expected initializer before ‘noexcept’
     atomic_is_lock_free(const volatile atomic<_ITp>* __a) noexcept
                                                           ^
/usr/include/c++/4.9/atomic:818:46: error: expected initializer before ‘noexcept’
     atomic_init(atomic<_ITp>* __a, _ITp __i) noexcept;
                                              ^
/usr/include/c++/4.9/atomic:822:55: error: expected initializer before ‘noexcept’
     atomic_init(volatile atomic<_ITp>* __a, _ITp __i) noexcept;
                                                       ^
/usr/include/c++/4.9/atomic:827:24: error: expected initializer before ‘noexcept’
      memory_order __m) noexcept
                        ^
/usr/include/c++/4.9/atomic:833:24: error: expected initializer before ‘noexcept’
      memory_order __m) noexcept
                        ^
/usr/include/c++/4.9/atomic:838:69: error: expected initializer before ‘noexcept’
     atomic_load_explicit(const atomic<_ITp>* __a, memory_order __m) noexcept
                                                                     ^
/usr/include/c++/4.9/atomic:844:23: error: expected initializer before ‘noexcept’
     memory_order __m) noexcept
                       ^
/usr/include/c++/4.9/atomic:850:27: error: expected initializer before ‘noexcept’
         memory_order __m) noexcept
                           ^
/usr/include/c++/4.9/atomic:856:27: error: expected initializer before ‘noexcept’
         memory_order __m) noexcept
                           ^
/usr/include/c++/4.9/atomic:864:27: error: expected initializer before ‘noexcept’
        memory_order __m2) noexcept
                           ^
/usr/include/c++/4.9/atomic:872:27: error: expected initializer before ‘noexcept’
        memory_order __m2) noexcept
                           ^
/usr/include/c++/4.9/atomic:880:29: error: expected initializer before ‘noexcept’
          memory_order __m2) noexcept
                             ^
/usr/include/c++/4.9/atomic:888:29: error: expected initializer before ‘noexcept’
          memory_order __m2) noexcept
                             ^
/usr/include/c++/4.9/atomic:894:47: error: expected initializer before ‘noexcept’
     atomic_store(atomic<_ITp>* __a, _ITp __i) noexcept
                                               ^
/usr/include/c++/4.9/atomic:899:56: error: expected initializer before ‘noexcept’
     atomic_store(volatile atomic<_ITp>* __a, _ITp __i) noexcept
                                                        ^
/usr/include/c++/4.9/atomic:904:42: error: expected initializer before ‘noexcept’
     atomic_load(const atomic<_ITp>* __a) noexcept
                                          ^
/usr/include/c++/4.9/atomic:909:51: error: expected initializer before ‘noexcept’
     atomic_load(const volatile atomic<_ITp>* __a) noexcept
                                                   ^
/usr/include/c++/4.9/atomic:914:50: error: expected initializer before ‘noexcept’
     atomic_exchange(atomic<_ITp>* __a, _ITp __i) noexcept
                                                  ^
/usr/include/c++/4.9/atomic:919:59: error: expected initializer before ‘noexcept’
     atomic_exchange(volatile atomic<_ITp>* __a, _ITp __i) noexcept
                                                           ^
/usr/include/c++/4.9/atomic:925:29: error: expected initializer before ‘noexcept’
      _ITp* __i1, _ITp __i2) noexcept
                             ^
/usr/include/c++/4.9/atomic:935:29: error: expected initializer before ‘noexcept’
      _ITp* __i1, _ITp __i2) noexcept
                             ^
/usr/include/c++/4.9/atomic:945:31: error: expected initializer before ‘noexcept’
        _ITp* __i1, _ITp __i2) noexcept
                               ^
/usr/include/c++/4.9/atomic:955:31: error: expected initializer before ‘noexcept’
        _ITp* __i1, _ITp __i2) noexcept
                               ^
/usr/include/c++/4.9/atomic:969:28: error: expected initializer before ‘noexcept’
          memory_order __m) noexcept
                            ^
/usr/include/c++/4.9/atomic:975:28: error: expected initializer before ‘noexcept’
          memory_order __m) noexcept
                            ^
/usr/include/c++/4.9/atomic:981:28: error: expected initializer before ‘noexcept’
          memory_order __m) noexcept
                            ^
/usr/include/c++/4.9/atomic:987:28: error: expected initializer before ‘noexcept’
          memory_order __m) noexcept
                            ^
/usr/include/c++/4.9/atomic:993:28: error: expected initializer before ‘noexcept’
          memory_order __m) noexcept
                            ^
/usr/include/c++/4.9/atomic:999:28: error: expected initializer before ‘noexcept’
          memory_order __m) noexcept
                            ^
/usr/include/c++/4.9/atomic:1005:27: error: expected initializer before ‘noexcept’
         memory_order __m) noexcept
                           ^
/usr/include/c++/4.9/atomic:1011:27: error: expected initializer before ‘noexcept’
         memory_order __m) noexcept
                           ^
/usr/include/c++/4.9/atomic:1017:28: error: expected initializer before ‘noexcept’
          memory_order __m) noexcept
                            ^
/usr/include/c++/4.9/atomic:1023:28: error: expected initializer before ‘noexcept’
          memory_order __m) noexcept
                            ^
/usr/include/c++/4.9/atomic:1028:58: error: expected initializer before ‘noexcept’
     atomic_fetch_add(__atomic_base<_ITp>* __a, _ITp __i) noexcept
                                                          ^
/usr/include/c++/4.9/atomic:1033:67: error: expected initializer before ‘noexcept’
     atomic_fetch_add(volatile __atomic_base<_ITp>* __a, _ITp __i) noexcept
                                                                   ^
/usr/include/c++/4.9/atomic:1038:58: error: expected initializer before ‘noexcept’
     atomic_fetch_sub(__atomic_base<_ITp>* __a, _ITp __i) noexcept
                                                          ^
/usr/include/c++/4.9/atomic:1043:67: error: expected initializer before ‘noexcept’
     atomic_fetch_sub(volatile __atomic_base<_ITp>* __a, _ITp __i) noexcept
                                                                   ^
/usr/include/c++/4.9/atomic:1048:58: error: expected initializer before ‘noexcept’
     atomic_fetch_and(__atomic_base<_ITp>* __a, _ITp __i) noexcept
                                                          ^
/usr/include/c++/4.9/atomic:1053:67: error: expected initializer before ‘noexcept’
     atomic_fetch_and(volatile __atomic_base<_ITp>* __a, _ITp __i) noexcept
                                                                   ^
/usr/include/c++/4.9/atomic:1058:57: error: expected initializer before ‘noexcept’
     atomic_fetch_or(__atomic_base<_ITp>* __a, _ITp __i) noexcept
                                                         ^
/usr/include/c++/4.9/atomic:1063:66: error: expected initializer before ‘noexcept’
     atomic_fetch_or(volatile __atomic_base<_ITp>* __a, _ITp __i) noexcept
                                                                  ^
/usr/include/c++/4.9/atomic:1068:58: error: expected initializer before ‘noexcept’
     atomic_fetch_xor(__atomic_base<_ITp>* __a, _ITp __i) noexcept
                                                          ^
/usr/include/c++/4.9/atomic:1073:67: error: expected initializer before ‘noexcept’
     atomic_fetch_xor(volatile __atomic_base<_ITp>* __a, _ITp __i) noexcept
                                                                   ^
/usr/include/c++/4.9/atomic:1081:28: error: expected initializer before ‘noexcept’
          memory_order __m) noexcept
                            ^
/usr/include/c++/4.9/atomic:1087:28: error: expected initializer before ‘noexcept’
          memory_order __m) noexcept
                            ^
/usr/include/c++/4.9/atomic:1092:66: error: expected initializer before ‘noexcept’
     atomic_fetch_add(volatile atomic<_ITp*>* __a, ptrdiff_t __d) noexcept
                                                                  ^
/usr/include/c++/4.9/atomic:1097:57: error: expected initializer before ‘noexcept’
     atomic_fetch_add(atomic<_ITp*>* __a, ptrdiff_t __d) noexcept
                                                         ^
/usr/include/c++/4.9/atomic:1103:43: error: expected initializer before ‘noexcept’
          ptrdiff_t __d, memory_order __m) noexcept
                                           ^
/usr/include/c++/4.9/atomic:1109:28: error: expected initializer before ‘noexcept’
          memory_order __m) noexcept
                            ^
/usr/include/c++/4.9/atomic:1114:66: error: expected initializer before ‘noexcept’
     atomic_fetch_sub(volatile atomic<_ITp*>* __a, ptrdiff_t __d) noexcept
                                                                  ^
/usr/include/c++/4.9/atomic:1119:57: error: expected initializer before ‘noexcept’
     atomic_fetch_sub(atomic<_ITp*>* __a, ptrdiff_t __d) noexcept
                                                         ^
In file included from /usr/include/c++/4.9/atomic:41:0,
                 from /home/maria/Downloads/taglib-1.9.1/build/CMakeFiles/CMakeTmp/src.cxx:2:
/usr/include/c++/4.9/bits/atomic_base.h:616:7: warning: inline function ‘std::__atomic_base<_IntTp>::__int_type std::__atomic_base<_IntTp>::fetch_add(std::__atomic_base<_IntTp>::__int_type, std::memory_order) [with _ITp = unsigned int; std::__atomic_base<_IntTp>::__int_type = unsigned int; std::memory_order = std::memory_order]’ used but never defined
       fetch_add(__int_type __i,
       ^
/usr/include/c++/4.9/bits/atomic_base.h:626:7: warning: inline function ‘std::__atomic_base<_IntTp>::__int_type std::__atomic_base<_IntTp>::fetch_sub(std::__atomic_base<_IntTp>::__int_type, std::memory_order) [with _ITp = unsigned int; std::__atomic_base<_IntTp>::__int_type = unsigned int; std::memory_order = std::memory_order]’ used but never defined
       fetch_sub(__int_type __i,
       ^
make[1]: *** [CMakeFiles/cmTryCompileExec3640944434.dir/src.cxx.o] Error 1
make[1]: Leaving directory `/home/maria/Downloads/taglib-1.9.1/build/CMakeFiles/CMakeTmp'
make: *** [cmTryCompileExec3640944434/fast] Error 2

Source file was:

  #include <atomic>
  int main() { 
    std::atomic<unsigned int> x;
    x.fetch_add(1);
    x.fetch_sub(1);
    return 0; 
  }

Performing C++ SOURCE FILE Test HAVE_BOOST_ATOMIC failed with the following output:
Change Dir: /home/maria/Downloads/taglib-1.9.1/build/CMakeFiles/CMakeTmp

Run Build Command:"/usr/bin/make" "cmTryCompileExec2543100938/fast"
/usr/bin/make -f CMakeFiles/cmTryCompileExec2543100938.dir/build.make CMakeFiles/cmTryCompileExec2543100938.dir/build
make[1]: Entering directory `/home/maria/Downloads/taglib-1.9.1/build/CMakeFiles/CMakeTmp'
/usr/local/bin/cmake -E cmake_progress_report /home/maria/Downloads/taglib-1.9.1/build/CMakeFiles/CMakeTmp/CMakeFiles 1
Building CXX object CMakeFiles/cmTryCompileExec2543100938.dir/src.cxx.o
/usr/bin/c++    -Wall -DHAVE_BOOST_ATOMIC   -o CMakeFiles/cmTryCompileExec2543100938.dir/src.cxx.o -c /home/maria/Downloads/taglib-1.9.1/build/CMakeFiles/CMakeTmp/src.cxx
/home/maria/Downloads/taglib-1.9.1/build/CMakeFiles/CMakeTmp/src.cxx:2:32: fatal error: boost/atomic.hpp: No such file or directory
     #include <boost/atomic.hpp>
                                ^
compilation terminated.
make[1]: *** [CMakeFiles/cmTryCompileExec2543100938.dir/src.cxx.o] Error 1
make[1]: Leaving directory `/home/maria/Downloads/taglib-1.9.1/build/CMakeFiles/CMakeTmp'
make: *** [cmTryCompileExec2543100938/fast] Error 2

Source file was:

    #include <boost/atomic.hpp>
    int main() { 
      boost::atomic<unsigned int> x(1);
      x.fetch_add(1);
      x.fetch_sub(1);
      return 0; 
    }
  
Performing C++ SOURCE FILE Test HAVE_STD_CODECVT failed with the following output:
Change Dir: /home/maria/Downloads/taglib-1.9.1/build/CMakeFiles/CMakeTmp

Run Build Command:"/usr/bin/make" "cmTryCompileExec826062902/fast"
/usr/bin/make -f CMakeFiles/cmTryCompileExec826062902.dir/build.make CMakeFiles/cmTryCompileExec826062902.dir/build
make[1]: Entering directory `/home/maria/Downloads/taglib-1.9.1/build/CMakeFiles/CMakeTmp'
/usr/local/bin/cmake -E cmake_progress_report /home/maria/Downloads/taglib-1.9.1/build/CMakeFiles/CMakeTmp/CMakeFiles 1
Building CXX object CMakeFiles/cmTryCompileExec826062902.dir/src.cxx.o
/usr/bin/c++    -Wall -DHAVE_STD_CODECVT   -o CMakeFiles/cmTryCompileExec826062902.dir/src.cxx.o -c /home/maria/Downloads/taglib-1.9.1/build/CMakeFiles/CMakeTmp/src.cxx
/home/maria/Downloads/taglib-1.9.1/build/CMakeFiles/CMakeTmp/src.cxx:2:21: fatal error: codecvt: No such file or directory
   #include <codecvt>
                     ^
compilation terminated.
make[1]: *** [CMakeFiles/cmTryCompileExec826062902.dir/src.cxx.o] Error 1
make[1]: Leaving directory `/home/maria/Downloads/taglib-1.9.1/build/CMakeFiles/CMakeTmp'
make: *** [cmTryCompileExec826062902/fast] Error 2

Source file was:

  #include <codecvt>
  int main() { 
    std::codecvt_utf8_utf16<wchar_t> x; 
    return 0; 
  }

Determining if the function __RTTI___ exists in the Crun failed with the following output:
Change Dir: /home/maria/Downloads/taglib-1.9.1/build/CMakeFiles/CMakeTmp

Run Build Command:"/usr/bin/make" "cmTryCompileExec4004208115/fast"
/usr/bin/make -f CMakeFiles/cmTryCompileExec4004208115.dir/build.make CMakeFiles/cmTryCompileExec4004208115.dir/build
make[1]: Entering directory `/home/maria/Downloads/taglib-1.9.1/build/CMakeFiles/CMakeTmp'
/usr/local/bin/cmake -E cmake_progress_report /home/maria/Downloads/taglib-1.9.1/build/CMakeFiles/CMakeTmp/CMakeFiles 1
Building C object CMakeFiles/cmTryCompileExec4004208115.dir/CheckFunctionExists.c.o
/usr/bin/cc   -Wall -DCHECK_FUNCTION_EXISTS=__RTTI___   -o CMakeFiles/cmTryCompileExec4004208115.dir/CheckFunctionExists.c.o   -c /usr/local/share/cmake-3.2/Modules/CheckFunctionExists.c
Linking C executable cmTryCompileExec4004208115
/usr/local/bin/cmake -E cmake_link_script CMakeFiles/cmTryCompileExec4004208115.dir/link.txt --verbose=1
/usr/bin/cc   -Wall -DCHECK_FUNCTION_EXISTS=__RTTI___    CMakeFiles/cmTryCompileExec4004208115.dir/CheckFunctionExists.c.o  -o cmTryCompileExec4004208115 -rdynamic -lCrun 
/usr/bin/ld: cannot find -lCrun
collect2: error: ld returned 1 exit status
make[1]: Leaving directory `/home/maria/Downloads/taglib-1.9.1/build/CMakeFiles/CMakeTmp'
make[1]: *** [cmTryCompileExec4004208115] Error 1
make: *** [cmTryCompileExec4004208115/fast] Error 2


